Determining if the pthread_create exist failed with the following output:
Change Dir: /n/rush_lab/users/yoonkim/cuda-mod/build/CMakeFiles/CMakeTmp

Run Build Command:"/usr/bin/gmake" "cmTC_48606/fast"
/usr/bin/gmake -f CMakeFiles/cmTC_48606.dir/build.make CMakeFiles/cmTC_48606.dir/build
gmake[1]: Entering directory `/net/rcstorenfs02/ifs/rc_labs/rush_lab/users/yoonkim/cuda-mod/build/CMakeFiles/CMakeTmp'
Building C object CMakeFiles/cmTC_48606.dir/CheckSymbolExists.c.o
/n/sw/fasrcsw/apps/Core/gcc/4.8.2-fasrc01/bin/gcc    -fPIC    -o CMakeFiles/cmTC_48606.dir/CheckSymbolExists.c.o   -c /n/rush_lab/users/yoonkim/cuda-mod/build/CMakeFiles/CMakeTmp/CheckSymbolExists.c
Linking C executable cmTC_48606
/n/sw/fasrcsw/apps/Core/cmake/3.5.2-fasrc01/bin/cmake -E cmake_link_script CMakeFiles/cmTC_48606.dir/link.txt --verbose=1
/n/sw/fasrcsw/apps/Core/gcc/4.8.2-fasrc01/bin/gcc  -fPIC     CMakeFiles/cmTC_48606.dir/CheckSymbolExists.c.o  -o cmTC_48606 -rdynamic 
CMakeFiles/cmTC_48606.dir/CheckSymbolExists.c.o: In function `main':
CheckSymbolExists.c:(.text+0x1b): undefined reference to `pthread_create'
collect2: error: ld returned 1 exit status
gmake[1]: *** [cmTC_48606] Error 1
gmake[1]: Leaving directory `/net/rcstorenfs02/ifs/rc_labs/rush_lab/users/yoonkim/cuda-mod/build/CMakeFiles/CMakeTmp'
gmake: *** [cmTC_48606/fast] Error 2

File /n/rush_lab/users/yoonkim/cuda-mod/build/CMakeFiles/CMakeTmp/CheckSymbolExists.c:
/* */
#include <pthread.h>

int main(int argc, char** argv)
{
  (void)argv;
#ifndef pthread_create
  return ((int*)(&pthread_create))[argc];
#else
  (void)argc;
  return 0;
#endif
}

Determining if the function pthread_create exists in the pthreads failed with the following output:
Change Dir: /n/rush_lab/users/yoonkim/cuda-mod/build/CMakeFiles/CMakeTmp

Run Build Command:"/usr/bin/gmake" "cmTC_87486/fast"
/usr/bin/gmake -f CMakeFiles/cmTC_87486.dir/build.make CMakeFiles/cmTC_87486.dir/build
gmake[1]: Entering directory `/net/rcstorenfs02/ifs/rc_labs/rush_lab/users/yoonkim/cuda-mod/build/CMakeFiles/CMakeTmp'
Building C object CMakeFiles/cmTC_87486.dir/CheckFunctionExists.c.o
/n/sw/fasrcsw/apps/Core/gcc/4.8.2-fasrc01/bin/gcc    -fPIC -DCHECK_FUNCTION_EXISTS=pthread_create   -o CMakeFiles/cmTC_87486.dir/CheckFunctionExists.c.o   -c /n/sw/fasrcsw/apps/Core/cmake/3.5.2-fasrc01/share/cmake-3.5/Modules/CheckFunctionExists.c
Linking C executable cmTC_87486
/n/sw/fasrcsw/apps/Core/cmake/3.5.2-fasrc01/bin/cmake -E cmake_link_script CMakeFiles/cmTC_87486.dir/link.txt --verbose=1
/n/sw/fasrcsw/apps/Core/gcc/4.8.2-fasrc01/bin/gcc  -fPIC -DCHECK_FUNCTION_EXISTS=pthread_create    CMakeFiles/cmTC_87486.dir/CheckFunctionExists.c.o  -o cmTC_87486 -rdynamic -lpthreads 
/net/rcstorenfs02/ifs/rc_labs/rush_lab/sw/x86_64-unknown-linux-gnu/bin/ld: cannot find -lpthreads
collect2: error: ld returned 1 exit status
gmake[1]: *** [cmTC_87486] Error 1
gmake[1]: Leaving directory `/net/rcstorenfs02/ifs/rc_labs/rush_lab/users/yoonkim/cuda-mod/build/CMakeFiles/CMakeTmp'
gmake: *** [cmTC_87486/fast] Error 2


