The system is: Linux - 2.6.32-573.8.1.el6.centos.plus.x86_64 - x86_64
Compiling the C compiler identification source file "CMakeCCompilerId.c" succeeded.
Compiler: /n/sw/fasrcsw/apps/Core/gcc/4.8.2-fasrc01/bin/gcc 
Build flags: 
Id flags: 

The output was:
0


Compilation of the C compiler identification source "CMakeCCompilerId.c" produced "a.out"

The C compiler identification is GNU, found in "/n/rush_lab/users/yoonkim/cuda-mod/build/CMakeFiles/3.5.2/CompilerIdC/a.out"

Compiling the CXX compiler identification source file "CMakeCXXCompilerId.cpp" succeeded.
Compiler: /n/sw/fasrcsw/apps/Core/gcc/4.8.2-fasrc01/bin/g++ 
Build flags: 
Id flags: 

The output was:
0


Compilation of the CXX compiler identification source "CMakeCXXCompilerId.cpp" produced "a.out"

The CXX compiler identification is GNU, found in "/n/rush_lab/users/yoonkim/cuda-mod/build/CMakeFiles/3.5.2/CompilerIdCXX/a.out"

Determining if the C compiler works passed with the following output:
Change Dir: /n/rush_lab/users/yoonkim/cuda-mod/build/CMakeFiles/CMakeTmp

Run Build Command:"/usr/bin/gmake" "cmTC_54cde/fast"
/usr/bin/gmake -f CMakeFiles/cmTC_54cde.dir/build.make CMakeFiles/cmTC_54cde.dir/build
gmake[1]: Entering directory `/net/rcstorenfs02/ifs/rc_labs/rush_lab/users/yoonkim/cuda-mod/build/CMakeFiles/CMakeTmp'
Building C object CMakeFiles/cmTC_54cde.dir/testCCompiler.c.o
/n/sw/fasrcsw/apps/Core/gcc/4.8.2-fasrc01/bin/gcc     -o CMakeFiles/cmTC_54cde.dir/testCCompiler.c.o   -c /n/rush_lab/users/yoonkim/cuda-mod/build/CMakeFiles/CMakeTmp/testCCompiler.c
Linking C executable cmTC_54cde
/n/sw/fasrcsw/apps/Core/cmake/3.5.2-fasrc01/bin/cmake -E cmake_link_script CMakeFiles/cmTC_54cde.dir/link.txt --verbose=1
/n/sw/fasrcsw/apps/Core/gcc/4.8.2-fasrc01/bin/gcc       CMakeFiles/cmTC_54cde.dir/testCCompiler.c.o  -o cmTC_54cde -rdynamic 
gmake[1]: Leaving directory `/net/rcstorenfs02/ifs/rc_labs/rush_lab/users/yoonkim/cuda-mod/build/CMakeFiles/CMakeTmp'


Detecting C compiler ABI info compiled with the following output:
Change Dir: /n/rush_lab/users/yoonkim/cuda-mod/build/CMakeFiles/CMakeTmp

Run Build Command:"/usr/bin/gmake" "cmTC_99c04/fast"
/usr/bin/gmake -f CMakeFiles/cmTC_99c04.dir/build.make CMakeFiles/cmTC_99c04.dir/build
gmake[1]: Entering directory `/net/rcstorenfs02/ifs/rc_labs/rush_lab/users/yoonkim/cuda-mod/build/CMakeFiles/CMakeTmp'
Building C object CMakeFiles/cmTC_99c04.dir/CMakeCCompilerABI.c.o
/n/sw/fasrcsw/apps/Core/gcc/4.8.2-fasrc01/bin/gcc     -o CMakeFiles/cmTC_99c04.dir/CMakeCCompilerABI.c.o   -c /n/sw/fasrcsw/apps/Core/cmake/3.5.2-fasrc01/share/cmake-3.5/Modules/CMakeCCompilerABI.c
Linking C executable cmTC_99c04
/n/sw/fasrcsw/apps/Core/cmake/3.5.2-fasrc01/bin/cmake -E cmake_link_script CMakeFiles/cmTC_99c04.dir/link.txt --verbose=1
/n/sw/fasrcsw/apps/Core/gcc/4.8.2-fasrc01/bin/gcc      -v CMakeFiles/cmTC_99c04.dir/CMakeCCompilerABI.c.o  -o cmTC_99c04 -rdynamic  
Using built-in specs.
COLLECT_GCC=/n/sw/fasrcsw/apps/Core/gcc/4.8.2-fasrc01/bin/gcc
COLLECT_LTO_WRAPPER=/n/sw/fasrcsw/apps/Core/gcc/4.8.2-fasrc01/libexec/gcc/x86_64-redhat-linux-gnu/4.8.2/lto-wrapper
Target: x86_64-redhat-linux-gnu
Configured with: ../configure --build=x86_64-redhat-linux-gnu --host=x86_64-redhat-linux-gnu --target=x86_64-redhat-linux-gnu --program-prefix= --prefix=/n/sw/fasrcsw/apps/Core/gcc/4.8.2-fasrc01 --exec-prefix=/n/sw/fasrcsw/apps/Core/gcc/4.8.2-fasrc01 --bindir=/n/sw/fasrcsw/apps/Core/gcc/4.8.2-fasrc01/bin --sbindir=/n/sw/fasrcsw/apps/Core/gcc/4.8.2-fasrc01/sbin --sysconfdir=/n/sw/fasrcsw/apps/Core/gcc/4.8.2-fasrc01/etc --datadir=/n/sw/fasrcsw/apps/Core/gcc/4.8.2-fasrc01/share --includedir=/n/sw/fasrcsw/apps/Core/gcc/4.8.2-fasrc01/include --libdir=/n/sw/fasrcsw/apps/Core/gcc/4.8.2-fasrc01/lib64 --libexecdir=/n/sw/fasrcsw/apps/Core/gcc/4.8.2-fasrc01/libexec --localstatedir=/n/sw/fasrcsw/apps/Core/gcc/4.8.2-fasrc01/var --sharedstatedir=/n/sw/fasrcsw/apps/Core/gcc/4.8.2-fasrc01/var/lib --mandir=/n/sw/fasrcsw/apps/Core/gcc/4.8.2-fasrc01/share/man --infodir=/n/sw/fasrcsw/apps/Core/gcc/4.8.2-fasrc01/share/inf
Thread model: posix
gcc version 4.8.2 (GCC) 
COMPILER_PATH=/n/sw/fasrcsw/apps/Core/gcc/4.8.2-fasrc01/libexec/gcc/x86_64-redhat-linux-gnu/4.8.2/:/n/sw/fasrcsw/apps/Core/gcc/4.8.2-fasrc01/libexec/gcc/x86_64-redhat-linux-gnu/4.8.2/:/n/sw/fasrcsw/apps/Core/gcc/4.8.2-fasrc01/libexec/gcc/x86_64-redhat-linux-gnu/:/n/sw/fasrcsw/apps/Core/gcc/4.8.2-fasrc01/lib64/gcc/x86_64-redhat-linux-gnu/4.8.2/:/n/sw/fasrcsw/apps/Core/gcc/4.8.2-fasrc01/lib64/gcc/x86_64-redhat-linux-gnu/
LIBRARY_PATH=/net/rcstorenfs02/ifs/rc_labs/rush_lab/sw/lib64/../lib64/:/net/rcstorenfs02/ifs/rc_labs/rush_lab/sw/lib/../lib64/:/n/sw/fasrcsw/apps/Core/cudnn/7.0-fasrc01/lib64/../lib64/:/n/sw/fasrcsw/apps/Core/mpfr/3.1.2-fasrc01/lib64/../lib64/:/n/sw/fasrcsw/apps/Core/mpc/1.0.1-fasrc01/lib64/../lib64/:/n/sw/fasrcsw/apps/Core/gmp/6.0.0-fasrc01/lib64/../lib64/:/n/sw/fasrcsw/apps/Core/gcc/4.8.2-fasrc01/lib64/../lib64/:/n/sw/fasrcsw/apps/Core/gcc/4.8.2-fasrc01/lib/../lib64/:/net/rcstorenfs02/ifs/rc_labs/rush_lab/sw/lib64/../lib64/:/net/rcstorenfs02/ifs/rc_labs/rush_lab/sw/lib/../lib64/:/n/sw/fasrcsw/apps/Core/gcc/4.8.2-fasrc01/lib64/gcc/x86_64-redhat-linux-gnu/4.8.2/:/n/sw/fasrcsw/apps/Core/gcc/4.8.2-fasrc01/lib64/gcc/x86_64-redhat-linux-gnu/4.8.2/../../../../lib64/:/lib/../lib64/:/usr/lib/../lib64/:/net/rcstorenfs02/ifs/rc_labs/rush_lab/sw/lib64/:/net/rcstorenfs02/ifs/rc_labs/rush_lab/sw/x86_64-unknown-linux-gnu/lib/:/net/rcstorenfs02/ifs/rc_labs/rush_lab/sw/lib/:/n/sw/fasrcsw/apps/Core/cudnn/7.0-fasrc01/lib64/:/n/sw/fasrcsw/apps/Core/mpfr/3.1.2-fasrc01/lib64/:/n/sw/fasrcsw/apps/Core/mpc/1.0.1-fasrc01/lib64/:/n/sw/fasrcsw/apps/Core/gmp/6.0.0-fasrc01/lib64/:/usr/local/cuda-7.5/lib64/:/n/sw/fasrcsw/apps/Comp/gcc/4.8.2-fasrc01/OpenBLAS/0.2.14-fasrc01/lib/:/n/sw/fasrcsw/apps/Core/LuaJIT/2.0.4-fasrc01/lib/:/n/sw/fasrcsw/apps/Core/gcc/4.8.2-fasrc01/lib64/:/n/sw/fasrcsw/apps/Core/gcc/4.8.2-fasrc01/lib/:/net/rcstorenfs02/ifs/rc_labs/rush_lab/sw/lib64/:/net/rcstorenfs02/ifs/rc_labs/rush_lab/sw/x86_64-unknown-linux-gnu/lib/:/net/rcstorenfs02/ifs/rc_labs/rush_lab/sw/lib/:/n/sw/fasrcsw/apps/Core/gcc/4.8.2-fasrc01/lib64/gcc/x86_64-redhat-linux-gnu/4.8.2/../../../:/lib/:/usr/lib/
COLLECT_GCC_OPTIONS='-v' '-o' 'cmTC_99c04' '-rdynamic' '-mtune=generic' '-march=x86-64'
 /n/sw/fasrcsw/apps/Core/gcc/4.8.2-fasrc01/libexec/gcc/x86_64-redhat-linux-gnu/4.8.2/collect2 --eh-frame-hdr -m elf_x86_64 -export-dynamic -dynamic-linker /lib64/ld-linux-x86-64.so.2 -o cmTC_99c04 /usr/lib/../lib64/crt1.o /usr/lib/../lib64/crti.o /n/sw/fasrcsw/apps/Core/gcc/4.8.2-fasrc01/lib64/gcc/x86_64-redhat-linux-gnu/4.8.2/crtbegin.o -L/net/rcstorenfs02/ifs/rc_labs/rush_lab/sw/lib64/../lib64 -L/net/rcstorenfs02/ifs/rc_labs/rush_lab/sw/lib/../lib64 -L/n/sw/fasrcsw/apps/Core/cudnn/7.0-fasrc01/lib64/../lib64 -L/n/sw/fasrcsw/apps/Core/mpfr/3.1.2-fasrc01/lib64/../lib64 -L/n/sw/fasrcsw/apps/Core/mpc/1.0.1-fasrc01/lib64/../lib64 -L/n/sw/fasrcsw/apps/Core/gmp/6.0.0-fasrc01/lib64/../lib64 -L/n/sw/fasrcsw/apps/Core/gcc/4.8.2-fasrc01/lib64/../lib64 -L/n/sw/fasrcsw/apps/Core/gcc/4.8.2-fasrc01/lib/../lib64 -L/net/rcstorenfs02/ifs/rc_labs/rush_lab/sw/lib64/../lib64 -L/net/rcstorenfs02/ifs/rc_labs/rush_lab/sw/lib/../lib64 -L/n/sw/fasrcsw/apps/Core/gcc/4.8.2-fasrc01/lib64/gcc/x86_64-redhat-linux-gnu/4.8.2 -L/n/sw/fasrcsw/apps/Core/gcc/4.8.2-fasrc01/lib64/gcc/x86_64-redhat-linux-gnu/4.8.2/../../../../lib64 -L/lib/../lib64 -L/usr/lib/../lib64 -L/net/rcstorenfs02/ifs/rc_labs/rush_lab/sw/lib64 -L/net/rcstorenfs02/ifs/rc_labs/rush_lab/sw/x86_64-unknown-linux-gnu/lib -L/net/rcstorenfs02/ifs/rc_labs/rush_lab/sw/lib -L/n/sw/fasrcsw/apps/Core/cudnn/7.0-fasrc01/lib64 -L/n/sw/fasrcsw/apps/Core/mpfr/3.1.2-fasrc01/lib64 -L/n/sw/fasrcsw/apps/Core/mpc/1.0.1-fasrc01/lib64 -L/n/sw/fasrcsw/apps/Core/gmp/6.0.0-fasrc01/lib64 -L/usr/local/cuda-7.5/lib64 -L/n/sw/fasrcsw/apps/Comp/gcc/4.8.2-fasrc01/OpenBLAS/0.2.14-fasrc01/lib -L/n/sw/fasrcsw/apps/Core/LuaJIT/2.0.4-fasrc01/lib -L/n/sw/fasrcsw/apps/Core/gcc/4.8.2-fasrc01/lib64 -L/n/sw/fasrcsw/apps/Core/gcc/4.8.2-fasrc01/lib -L/net/rcstorenfs02/ifs/rc_labs/rush_lab/sw/lib64 -L/net/rcstorenfs02/ifs/rc_labs/rush_lab/sw/x86_64-unknown-linux-gnu/lib -L/net/rcstorenfs02/ifs/rc_labs/rush_lab/sw/lib -L/n/sw/fasrcsw/apps/Core/gcc/4.8.2-fasrc01/lib64/gcc/x86_64-redhat-linux-gnu/4.8.2/../../.. CMakeFiles/cmTC_99c04.dir/CMakeCCompilerABI.c.o -lgcc --as-needed -lgcc_s --no-as-needed -lc -lgcc --as-needed -lgcc_s --no-as-needed /n/sw/fasrcsw/apps/Core/gcc/4.8.2-fasrc01/lib64/gcc/x86_64-redhat-linux-gnu/4.8.2/crtend.o /usr/lib/../lib64/crtn.o
gmake[1]: Leaving directory `/net/rcstorenfs02/ifs/rc_labs/rush_lab/users/yoonkim/cuda-mod/build/CMakeFiles/CMakeTmp'


Parsed C implicit link information from above output:
  link line regex: [^( *|.*[/\])(ld|([^/\]+-)?ld|collect2)[^/\]*( |$)]
  ignore line: [Change Dir: /n/rush_lab/users/yoonkim/cuda-mod/build/CMakeFiles/CMakeTmp]
  ignore line: []
  ignore line: [Run Build Command:"/usr/bin/gmake" "cmTC_99c04/fast"]
  ignore line: [/usr/bin/gmake -f CMakeFiles/cmTC_99c04.dir/build.make CMakeFiles/cmTC_99c04.dir/build]
  ignore line: [gmake[1]: Entering directory `/net/rcstorenfs02/ifs/rc_labs/rush_lab/users/yoonkim/cuda-mod/build/CMakeFiles/CMakeTmp']
  ignore line: [Building C object CMakeFiles/cmTC_99c04.dir/CMakeCCompilerABI.c.o]
  ignore line: [/n/sw/fasrcsw/apps/Core/gcc/4.8.2-fasrc01/bin/gcc     -o CMakeFiles/cmTC_99c04.dir/CMakeCCompilerABI.c.o   -c /n/sw/fasrcsw/apps/Core/cmake/3.5.2-fasrc01/share/cmake-3.5/Modules/CMakeCCompilerABI.c]
  ignore line: [Linking C executable cmTC_99c04]
  ignore line: [/n/sw/fasrcsw/apps/Core/cmake/3.5.2-fasrc01/bin/cmake -E cmake_link_script CMakeFiles/cmTC_99c04.dir/link.txt --verbose=1]
  ignore line: [/n/sw/fasrcsw/apps/Core/gcc/4.8.2-fasrc01/bin/gcc      -v CMakeFiles/cmTC_99c04.dir/CMakeCCompilerABI.c.o  -o cmTC_99c04 -rdynamic  ]
  ignore line: [Using built-in specs.]
  ignore line: [COLLECT_GCC=/n/sw/fasrcsw/apps/Core/gcc/4.8.2-fasrc01/bin/gcc]
  ignore line: [COLLECT_LTO_WRAPPER=/n/sw/fasrcsw/apps/Core/gcc/4.8.2-fasrc01/libexec/gcc/x86_64-redhat-linux-gnu/4.8.2/lto-wrapper]
  ignore line: [Target: x86_64-redhat-linux-gnu]
  ignore line: [Configured with: ../configure --build=x86_64-redhat-linux-gnu --host=x86_64-redhat-linux-gnu --target=x86_64-redhat-linux-gnu --program-prefix= --prefix=/n/sw/fasrcsw/apps/Core/gcc/4.8.2-fasrc01 --exec-prefix=/n/sw/fasrcsw/apps/Core/gcc/4.8.2-fasrc01 --bindir=/n/sw/fasrcsw/apps/Core/gcc/4.8.2-fasrc01/bin --sbindir=/n/sw/fasrcsw/apps/Core/gcc/4.8.2-fasrc01/sbin --sysconfdir=/n/sw/fasrcsw/apps/Core/gcc/4.8.2-fasrc01/etc --datadir=/n/sw/fasrcsw/apps/Core/gcc/4.8.2-fasrc01/share --includedir=/n/sw/fasrcsw/apps/Core/gcc/4.8.2-fasrc01/include --libdir=/n/sw/fasrcsw/apps/Core/gcc/4.8.2-fasrc01/lib64 --libexecdir=/n/sw/fasrcsw/apps/Core/gcc/4.8.2-fasrc01/libexec --localstatedir=/n/sw/fasrcsw/apps/Core/gcc/4.8.2-fasrc01/var --sharedstatedir=/n/sw/fasrcsw/apps/Core/gcc/4.8.2-fasrc01/var/lib --mandir=/n/sw/fasrcsw/apps/Core/gcc/4.8.2-fasrc01/share/man --infodir=/n/sw/fasrcsw/apps/Core/gcc/4.8.2-fasrc01/share/inf]
  ignore line: [Thread model: posix]
  ignore line: [gcc version 4.8.2 (GCC) ]
  ignore line: [COMPILER_PATH=/n/sw/fasrcsw/apps/Core/gcc/4.8.2-fasrc01/libexec/gcc/x86_64-redhat-linux-gnu/4.8.2/:/n/sw/fasrcsw/apps/Core/gcc/4.8.2-fasrc01/libexec/gcc/x86_64-redhat-linux-gnu/4.8.2/:/n/sw/fasrcsw/apps/Core/gcc/4.8.2-fasrc01/libexec/gcc/x86_64-redhat-linux-gnu/:/n/sw/fasrcsw/apps/Core/gcc/4.8.2-fasrc01/lib64/gcc/x86_64-redhat-linux-gnu/4.8.2/:/n/sw/fasrcsw/apps/Core/gcc/4.8.2-fasrc01/lib64/gcc/x86_64-redhat-linux-gnu/]
  ignore line: [LIBRARY_PATH=/net/rcstorenfs02/ifs/rc_labs/rush_lab/sw/lib64/../lib64/:/net/rcstorenfs02/ifs/rc_labs/rush_lab/sw/lib/../lib64/:/n/sw/fasrcsw/apps/Core/cudnn/7.0-fasrc01/lib64/../lib64/:/n/sw/fasrcsw/apps/Core/mpfr/3.1.2-fasrc01/lib64/../lib64/:/n/sw/fasrcsw/apps/Core/mpc/1.0.1-fasrc01/lib64/../lib64/:/n/sw/fasrcsw/apps/Core/gmp/6.0.0-fasrc01/lib64/../lib64/:/n/sw/fasrcsw/apps/Core/gcc/4.8.2-fasrc01/lib64/../lib64/:/n/sw/fasrcsw/apps/Core/gcc/4.8.2-fasrc01/lib/../lib64/:/net/rcstorenfs02/ifs/rc_labs/rush_lab/sw/lib64/../lib64/:/net/rcstorenfs02/ifs/rc_labs/rush_lab/sw/lib/../lib64/:/n/sw/fasrcsw/apps/Core/gcc/4.8.2-fasrc01/lib64/gcc/x86_64-redhat-linux-gnu/4.8.2/:/n/sw/fasrcsw/apps/Core/gcc/4.8.2-fasrc01/lib64/gcc/x86_64-redhat-linux-gnu/4.8.2/../../../../lib64/:/lib/../lib64/:/usr/lib/../lib64/:/net/rcstorenfs02/ifs/rc_labs/rush_lab/sw/lib64/:/net/rcstorenfs02/ifs/rc_labs/rush_lab/sw/x86_64-unknown-linux-gnu/lib/:/net/rcstorenfs02/ifs/rc_labs/rush_lab/sw/lib/:/n/sw/fasrcsw/apps/Core/cudnn/7.0-fasrc01/lib64/:/n/sw/fasrcsw/apps/Core/mpfr/3.1.2-fasrc01/lib64/:/n/sw/fasrcsw/apps/Core/mpc/1.0.1-fasrc01/lib64/:/n/sw/fasrcsw/apps/Core/gmp/6.0.0-fasrc01/lib64/:/usr/local/cuda-7.5/lib64/:/n/sw/fasrcsw/apps/Comp/gcc/4.8.2-fasrc01/OpenBLAS/0.2.14-fasrc01/lib/:/n/sw/fasrcsw/apps/Core/LuaJIT/2.0.4-fasrc01/lib/:/n/sw/fasrcsw/apps/Core/gcc/4.8.2-fasrc01/lib64/:/n/sw/fasrcsw/apps/Core/gcc/4.8.2-fasrc01/lib/:/net/rcstorenfs02/ifs/rc_labs/rush_lab/sw/lib64/:/net/rcstorenfs02/ifs/rc_labs/rush_lab/sw/x86_64-unknown-linux-gnu/lib/:/net/rcstorenfs02/ifs/rc_labs/rush_lab/sw/lib/:/n/sw/fasrcsw/apps/Core/gcc/4.8.2-fasrc01/lib64/gcc/x86_64-redhat-linux-gnu/4.8.2/../../../:/lib/:/usr/lib/]
  ignore line: [COLLECT_GCC_OPTIONS='-v' '-o' 'cmTC_99c04' '-rdynamic' '-mtune=generic' '-march=x86-64']
  link line: [ /n/sw/fasrcsw/apps/Core/gcc/4.8.2-fasrc01/libexec/gcc/x86_64-redhat-linux-gnu/4.8.2/collect2 --eh-frame-hdr -m elf_x86_64 -export-dynamic -dynamic-linker /lib64/ld-linux-x86-64.so.2 -o cmTC_99c04 /usr/lib/../lib64/crt1.o /usr/lib/../lib64/crti.o /n/sw/fasrcsw/apps/Core/gcc/4.8.2-fasrc01/lib64/gcc/x86_64-redhat-linux-gnu/4.8.2/crtbegin.o -L/net/rcstorenfs02/ifs/rc_labs/rush_lab/sw/lib64/../lib64 -L/net/rcstorenfs02/ifs/rc_labs/rush_lab/sw/lib/../lib64 -L/n/sw/fasrcsw/apps/Core/cudnn/7.0-fasrc01/lib64/../lib64 -L/n/sw/fasrcsw/apps/Core/mpfr/3.1.2-fasrc01/lib64/../lib64 -L/n/sw/fasrcsw/apps/Core/mpc/1.0.1-fasrc01/lib64/../lib64 -L/n/sw/fasrcsw/apps/Core/gmp/6.0.0-fasrc01/lib64/../lib64 -L/n/sw/fasrcsw/apps/Core/gcc/4.8.2-fasrc01/lib64/../lib64 -L/n/sw/fasrcsw/apps/Core/gcc/4.8.2-fasrc01/lib/../lib64 -L/net/rcstorenfs02/ifs/rc_labs/rush_lab/sw/lib64/../lib64 -L/net/rcstorenfs02/ifs/rc_labs/rush_lab/sw/lib/../lib64 -L/n/sw/fasrcsw/apps/Core/gcc/4.8.2-fasrc01/lib64/gcc/x86_64-redhat-linux-gnu/4.8.2 -L/n/sw/fasrcsw/apps/Core/gcc/4.8.2-fasrc01/lib64/gcc/x86_64-redhat-linux-gnu/4.8.2/../../../../lib64 -L/lib/../lib64 -L/usr/lib/../lib64 -L/net/rcstorenfs02/ifs/rc_labs/rush_lab/sw/lib64 -L/net/rcstorenfs02/ifs/rc_labs/rush_lab/sw/x86_64-unknown-linux-gnu/lib -L/net/rcstorenfs02/ifs/rc_labs/rush_lab/sw/lib -L/n/sw/fasrcsw/apps/Core/cudnn/7.0-fasrc01/lib64 -L/n/sw/fasrcsw/apps/Core/mpfr/3.1.2-fasrc01/lib64 -L/n/sw/fasrcsw/apps/Core/mpc/1.0.1-fasrc01/lib64 -L/n/sw/fasrcsw/apps/Core/gmp/6.0.0-fasrc01/lib64 -L/usr/local/cuda-7.5/lib64 -L/n/sw/fasrcsw/apps/Comp/gcc/4.8.2-fasrc01/OpenBLAS/0.2.14-fasrc01/lib -L/n/sw/fasrcsw/apps/Core/LuaJIT/2.0.4-fasrc01/lib -L/n/sw/fasrcsw/apps/Core/gcc/4.8.2-fasrc01/lib64 -L/n/sw/fasrcsw/apps/Core/gcc/4.8.2-fasrc01/lib -L/net/rcstorenfs02/ifs/rc_labs/rush_lab/sw/lib64 -L/net/rcstorenfs02/ifs/rc_labs/rush_lab/sw/x86_64-unknown-linux-gnu/lib -L/net/rcstorenfs02/ifs/rc_labs/rush_lab/sw/lib -L/n/sw/fasrcsw/apps/Core/gcc/4.8.2-fasrc01/lib64/gcc/x86_64-redhat-linux-gnu/4.8.2/../../.. CMakeFiles/cmTC_99c04.dir/CMakeCCompilerABI.c.o -lgcc --as-needed -lgcc_s --no-as-needed -lc -lgcc --as-needed -lgcc_s --no-as-needed /n/sw/fasrcsw/apps/Core/gcc/4.8.2-fasrc01/lib64/gcc/x86_64-redhat-linux-gnu/4.8.2/crtend.o /usr/lib/../lib64/crtn.o]
    arg [/n/sw/fasrcsw/apps/Core/gcc/4.8.2-fasrc01/libexec/gcc/x86_64-redhat-linux-gnu/4.8.2/collect2] ==> ignore
    arg [--eh-frame-hdr] ==> ignore
    arg [-m] ==> ignore
    arg [elf_x86_64] ==> ignore
    arg [-export-dynamic] ==> ignore
    arg [-dynamic-linker] ==> ignore
    arg [/lib64/ld-linux-x86-64.so.2] ==> ignore
    arg [-o] ==> ignore
    arg [cmTC_99c04] ==> ignore
    arg [/usr/lib/../lib64/crt1.o] ==> ignore
    arg [/usr/lib/../lib64/crti.o] ==> ignore
    arg [/n/sw/fasrcsw/apps/Core/gcc/4.8.2-fasrc01/lib64/gcc/x86_64-redhat-linux-gnu/4.8.2/crtbegin.o] ==> ignore
    arg [-L/net/rcstorenfs02/ifs/rc_labs/rush_lab/sw/lib64/../lib64] ==> dir [/net/rcstorenfs02/ifs/rc_labs/rush_lab/sw/lib64/../lib64]
    arg [-L/net/rcstorenfs02/ifs/rc_labs/rush_lab/sw/lib/../lib64] ==> dir [/net/rcstorenfs02/ifs/rc_labs/rush_lab/sw/lib/../lib64]
    arg [-L/n/sw/fasrcsw/apps/Core/cudnn/7.0-fasrc01/lib64/../lib64] ==> dir [/n/sw/fasrcsw/apps/Core/cudnn/7.0-fasrc01/lib64/../lib64]
    arg [-L/n/sw/fasrcsw/apps/Core/mpfr/3.1.2-fasrc01/lib64/../lib64] ==> dir [/n/sw/fasrcsw/apps/Core/mpfr/3.1.2-fasrc01/lib64/../lib64]
    arg [-L/n/sw/fasrcsw/apps/Core/mpc/1.0.1-fasrc01/lib64/../lib64] ==> dir [/n/sw/fasrcsw/apps/Core/mpc/1.0.1-fasrc01/lib64/../lib64]
    arg [-L/n/sw/fasrcsw/apps/Core/gmp/6.0.0-fasrc01/lib64/../lib64] ==> dir [/n/sw/fasrcsw/apps/Core/gmp/6.0.0-fasrc01/lib64/../lib64]
    arg [-L/n/sw/fasrcsw/apps/Core/gcc/4.8.2-fasrc01/lib64/../lib64] ==> dir [/n/sw/fasrcsw/apps/Core/gcc/4.8.2-fasrc01/lib64/../lib64]
    arg [-L/n/sw/fasrcsw/apps/Core/gcc/4.8.2-fasrc01/lib/../lib64] ==> dir [/n/sw/fasrcsw/apps/Core/gcc/4.8.2-fasrc01/lib/../lib64]
    arg [-L/net/rcstorenfs02/ifs/rc_labs/rush_lab/sw/lib64/../lib64] ==> dir [/net/rcstorenfs02/ifs/rc_labs/rush_lab/sw/lib64/../lib64]
    arg [-L/net/rcstorenfs02/ifs/rc_labs/rush_lab/sw/lib/../lib64] ==> dir [/net/rcstorenfs02/ifs/rc_labs/rush_lab/sw/lib/../lib64]
    arg [-L/n/sw/fasrcsw/apps/Core/gcc/4.8.2-fasrc01/lib64/gcc/x86_64-redhat-linux-gnu/4.8.2] ==> dir [/n/sw/fasrcsw/apps/Core/gcc/4.8.2-fasrc01/lib64/gcc/x86_64-redhat-linux-gnu/4.8.2]
    arg [-L/n/sw/fasrcsw/apps/Core/gcc/4.8.2-fasrc01/lib64/gcc/x86_64-redhat-linux-gnu/4.8.2/../../../../lib64] ==> dir [/n/sw/fasrcsw/apps/Core/gcc/4.8.2-fasrc01/lib64/gcc/x86_64-redhat-linux-gnu/4.8.2/../../../../lib64]
    arg [-L/lib/../lib64] ==> dir [/lib/../lib64]
    arg [-L/usr/lib/../lib64] ==> dir [/usr/lib/../lib64]
    arg [-L/net/rcstorenfs02/ifs/rc_labs/rush_lab/sw/lib64] ==> dir [/net/rcstorenfs02/ifs/rc_labs/rush_lab/sw/lib64]
    arg [-L/net/rcstorenfs02/ifs/rc_labs/rush_lab/sw/x86_64-unknown-linux-gnu/lib] ==> dir [/net/rcstorenfs02/ifs/rc_labs/rush_lab/sw/x86_64-unknown-linux-gnu/lib]
    arg [-L/net/rcstorenfs02/ifs/rc_labs/rush_lab/sw/lib] ==> dir [/net/rcstorenfs02/ifs/rc_labs/rush_lab/sw/lib]
    arg [-L/n/sw/fasrcsw/apps/Core/cudnn/7.0-fasrc01/lib64] ==> dir [/n/sw/fasrcsw/apps/Core/cudnn/7.0-fasrc01/lib64]
    arg [-L/n/sw/fasrcsw/apps/Core/mpfr/3.1.2-fasrc01/lib64] ==> dir [/n/sw/fasrcsw/apps/Core/mpfr/3.1.2-fasrc01/lib64]
    arg [-L/n/sw/fasrcsw/apps/Core/mpc/1.0.1-fasrc01/lib64] ==> dir [/n/sw/fasrcsw/apps/Core/mpc/1.0.1-fasrc01/lib64]
    arg [-L/n/sw/fasrcsw/apps/Core/gmp/6.0.0-fasrc01/lib64] ==> dir [/n/sw/fasrcsw/apps/Core/gmp/6.0.0-fasrc01/lib64]
    arg [-L/usr/local/cuda-7.5/lib64] ==> dir [/usr/local/cuda-7.5/lib64]
    arg [-L/n/sw/fasrcsw/apps/Comp/gcc/4.8.2-fasrc01/OpenBLAS/0.2.14-fasrc01/lib] ==> dir [/n/sw/fasrcsw/apps/Comp/gcc/4.8.2-fasrc01/OpenBLAS/0.2.14-fasrc01/lib]
    arg [-L/n/sw/fasrcsw/apps/Core/LuaJIT/2.0.4-fasrc01/lib] ==> dir [/n/sw/fasrcsw/apps/Core/LuaJIT/2.0.4-fasrc01/lib]
    arg [-L/n/sw/fasrcsw/apps/Core/gcc/4.8.2-fasrc01/lib64] ==> dir [/n/sw/fasrcsw/apps/Core/gcc/4.8.2-fasrc01/lib64]
    arg [-L/n/sw/fasrcsw/apps/Core/gcc/4.8.2-fasrc01/lib] ==> dir [/n/sw/fasrcsw/apps/Core/gcc/4.8.2-fasrc01/lib]
    arg [-L/net/rcstorenfs02/ifs/rc_labs/rush_lab/sw/lib64] ==> dir [/net/rcstorenfs02/ifs/rc_labs/rush_lab/sw/lib64]
    arg [-L/net/rcstorenfs02/ifs/rc_labs/rush_lab/sw/x86_64-unknown-linux-gnu/lib] ==> dir [/net/rcstorenfs02/ifs/rc_labs/rush_lab/sw/x86_64-unknown-linux-gnu/lib]
    arg [-L/net/rcstorenfs02/ifs/rc_labs/rush_lab/sw/lib] ==> dir [/net/rcstorenfs02/ifs/rc_labs/rush_lab/sw/lib]
    arg [-L/n/sw/fasrcsw/apps/Core/gcc/4.8.2-fasrc01/lib64/gcc/x86_64-redhat-linux-gnu/4.8.2/../../..] ==> dir [/n/sw/fasrcsw/apps/Core/gcc/4.8.2-fasrc01/lib64/gcc/x86_64-redhat-linux-gnu/4.8.2/../../..]
    arg [CMakeFiles/cmTC_99c04.dir/CMakeCCompilerABI.c.o] ==> ignore
    arg [-lgcc] ==> lib [gcc]
    arg [--as-needed] ==> ignore
    arg [-lgcc_s] ==> lib [gcc_s]
    arg [--no-as-needed] ==> ignore
    arg [-lc] ==> lib [c]
    arg [-lgcc] ==> lib [gcc]
    arg [--as-needed] ==> ignore
    arg [-lgcc_s] ==> lib [gcc_s]
    arg [--no-as-needed] ==> ignore
    arg [/n/sw/fasrcsw/apps/Core/gcc/4.8.2-fasrc01/lib64/gcc/x86_64-redhat-linux-gnu/4.8.2/crtend.o] ==> ignore
    arg [/usr/lib/../lib64/crtn.o] ==> ignore
  remove lib [gcc]
  remove lib [gcc_s]
  remove lib [gcc]
  remove lib [gcc_s]
  collapse library dir [/net/rcstorenfs02/ifs/rc_labs/rush_lab/sw/lib64/../lib64] ==> [/n/rush_lab/sw/lib64]
  collapse library dir [/net/rcstorenfs02/ifs/rc_labs/rush_lab/sw/lib/../lib64] ==> [/n/rush_lab/sw/lib64]
  collapse library dir [/n/sw/fasrcsw/apps/Core/cudnn/7.0-fasrc01/lib64/../lib64] ==> [/n/sw/fasrcsw/apps/Core/cudnn/7.0-fasrc01/lib64]
  collapse library dir [/n/sw/fasrcsw/apps/Core/mpfr/3.1.2-fasrc01/lib64/../lib64] ==> [/n/sw/fasrcsw/apps/Core/mpfr/3.1.2-fasrc01/lib64]
  collapse library dir [/n/sw/fasrcsw/apps/Core/mpc/1.0.1-fasrc01/lib64/../lib64] ==> [/n/sw/fasrcsw/apps/Core/mpc/1.0.1-fasrc01/lib64]
  collapse library dir [/n/sw/fasrcsw/apps/Core/gmp/6.0.0-fasrc01/lib64/../lib64] ==> [/n/sw/fasrcsw/apps/Core/gmp/6.0.0-fasrc01/lib64]
  collapse library dir [/n/sw/fasrcsw/apps/Core/gcc/4.8.2-fasrc01/lib64/../lib64] ==> [/n/sw/fasrcsw/apps/Core/gcc/4.8.2-fasrc01/lib64]
  collapse library dir [/n/sw/fasrcsw/apps/Core/gcc/4.8.2-fasrc01/lib/../lib64] ==> [/n/sw/fasrcsw/apps/Core/gcc/4.8.2-fasrc01/lib64]
  collapse library dir [/net/rcstorenfs02/ifs/rc_labs/rush_lab/sw/lib64/../lib64] ==> [/n/rush_lab/sw/lib64]
  collapse library dir [/net/rcstorenfs02/ifs/rc_labs/rush_lab/sw/lib/../lib64] ==> [/n/rush_lab/sw/lib64]
  collapse library dir [/n/sw/fasrcsw/apps/Core/gcc/4.8.2-fasrc01/lib64/gcc/x86_64-redhat-linux-gnu/4.8.2] ==> [/n/sw/fasrcsw/apps/Core/gcc/4.8.2-fasrc01/lib64/gcc/x86_64-redhat-linux-gnu/4.8.2]
  collapse library dir [/n/sw/fasrcsw/apps/Core/gcc/4.8.2-fasrc01/lib64/gcc/x86_64-redhat-linux-gnu/4.8.2/../../../../lib64] ==> [/n/sw/fasrcsw/apps/Core/gcc/4.8.2-fasrc01/lib64]
  collapse library dir [/lib/../lib64] ==> [/lib64]
  collapse library dir [/usr/lib/../lib64] ==> [/usr/lib64]
  collapse library dir [/net/rcstorenfs02/ifs/rc_labs/rush_lab/sw/lib64] ==> [/n/rush_lab/sw/lib64]
  collapse library dir [/net/rcstorenfs02/ifs/rc_labs/rush_lab/sw/x86_64-unknown-linux-gnu/lib] ==> [/n/rush_lab/sw/x86_64-unknown-linux-gnu/lib]
  collapse library dir [/net/rcstorenfs02/ifs/rc_labs/rush_lab/sw/lib] ==> [/n/rush_lab/sw/lib]
  collapse library dir [/n/sw/fasrcsw/apps/Core/cudnn/7.0-fasrc01/lib64] ==> [/n/sw/fasrcsw/apps/Core/cudnn/7.0-fasrc01/lib64]
  collapse library dir [/n/sw/fasrcsw/apps/Core/mpfr/3.1.2-fasrc01/lib64] ==> [/n/sw/fasrcsw/apps/Core/mpfr/3.1.2-fasrc01/lib64]
  collapse library dir [/n/sw/fasrcsw/apps/Core/mpc/1.0.1-fasrc01/lib64] ==> [/n/sw/fasrcsw/apps/Core/mpc/1.0.1-fasrc01/lib64]
  collapse library dir [/n/sw/fasrcsw/apps/Core/gmp/6.0.0-fasrc01/lib64] ==> [/n/sw/fasrcsw/apps/Core/gmp/6.0.0-fasrc01/lib64]
  collapse library dir [/usr/local/cuda-7.5/lib64] ==> [/usr/local/cuda-7.5/lib64]
  collapse library dir [/n/sw/fasrcsw/apps/Comp/gcc/4.8.2-fasrc01/OpenBLAS/0.2.14-fasrc01/lib] ==> [/n/sw/fasrcsw/apps/Comp/gcc/4.8.2-fasrc01/OpenBLAS/0.2.14-fasrc01/lib]
  collapse library dir [/n/sw/fasrcsw/apps/Core/LuaJIT/2.0.4-fasrc01/lib] ==> [/n/sw/fasrcsw/apps/Core/LuaJIT/2.0.4-fasrc01/lib]
  collapse library dir [/n/sw/fasrcsw/apps/Core/gcc/4.8.2-fasrc01/lib64] ==> [/n/sw/fasrcsw/apps/Core/gcc/4.8.2-fasrc01/lib64]
  collapse library dir [/n/sw/fasrcsw/apps/Core/gcc/4.8.2-fasrc01/lib] ==> [/n/sw/fasrcsw/apps/Core/gcc/4.8.2-fasrc01/lib]
  collapse library dir [/net/rcstorenfs02/ifs/rc_labs/rush_lab/sw/lib64] ==> [/n/rush_lab/sw/lib64]
  collapse library dir [/net/rcstorenfs02/ifs/rc_labs/rush_lab/sw/x86_64-unknown-linux-gnu/lib] ==> [/n/rush_lab/sw/x86_64-unknown-linux-gnu/lib]
  collapse library dir [/net/rcstorenfs02/ifs/rc_labs/rush_lab/sw/lib] ==> [/n/rush_lab/sw/lib]
  collapse library dir [/n/sw/fasrcsw/apps/Core/gcc/4.8.2-fasrc01/lib64/gcc/x86_64-redhat-linux-gnu/4.8.2/../../..] ==> [/n/sw/fasrcsw/apps/Core/gcc/4.8.2-fasrc01/lib64]
  implicit libs: [c]
  implicit dirs: [/n/rush_lab/sw/lib64;/n/sw/fasrcsw/apps/Core/cudnn/7.0-fasrc01/lib64;/n/sw/fasrcsw/apps/Core/mpfr/3.1.2-fasrc01/lib64;/n/sw/fasrcsw/apps/Core/mpc/1.0.1-fasrc01/lib64;/n/sw/fasrcsw/apps/Core/gmp/6.0.0-fasrc01/lib64;/n/sw/fasrcsw/apps/Core/gcc/4.8.2-fasrc01/lib64;/n/sw/fasrcsw/apps/Core/gcc/4.8.2-fasrc01/lib64/gcc/x86_64-redhat-linux-gnu/4.8.2;/lib64;/usr/lib64;/n/rush_lab/sw/x86_64-unknown-linux-gnu/lib;/n/rush_lab/sw/lib;/usr/local/cuda-7.5/lib64;/n/sw/fasrcsw/apps/Comp/gcc/4.8.2-fasrc01/OpenBLAS/0.2.14-fasrc01/lib;/n/sw/fasrcsw/apps/Core/LuaJIT/2.0.4-fasrc01/lib;/n/sw/fasrcsw/apps/Core/gcc/4.8.2-fasrc01/lib]
  implicit fwks: []




Detecting C [-std=c11] compiler features compiled with the following output:
Change Dir: /n/rush_lab/users/yoonkim/cuda-mod/build/CMakeFiles/CMakeTmp

Run Build Command:"/usr/bin/gmake" "cmTC_1319f/fast"
/usr/bin/gmake -f CMakeFiles/cmTC_1319f.dir/build.make CMakeFiles/cmTC_1319f.dir/build
gmake[1]: Entering directory `/net/rcstorenfs02/ifs/rc_labs/rush_lab/users/yoonkim/cuda-mod/build/CMakeFiles/CMakeTmp'
Building C object CMakeFiles/cmTC_1319f.dir/feature_tests.c.o
/n/sw/fasrcsw/apps/Core/gcc/4.8.2-fasrc01/bin/gcc    -std=c11 -o CMakeFiles/cmTC_1319f.dir/feature_tests.c.o   -c /n/rush_lab/users/yoonkim/cuda-mod/build/CMakeFiles/feature_tests.c
Linking C executable cmTC_1319f
/n/sw/fasrcsw/apps/Core/cmake/3.5.2-fasrc01/bin/cmake -E cmake_link_script CMakeFiles/cmTC_1319f.dir/link.txt --verbose=1
/n/sw/fasrcsw/apps/Core/gcc/4.8.2-fasrc01/bin/gcc       CMakeFiles/cmTC_1319f.dir/feature_tests.c.o  -o cmTC_1319f -rdynamic 
gmake[1]: Leaving directory `/net/rcstorenfs02/ifs/rc_labs/rush_lab/users/yoonkim/cuda-mod/build/CMakeFiles/CMakeTmp'


    Feature record: C_FEATURE:1c_function_prototypes
    Feature record: C_FEATURE:1c_restrict
    Feature record: C_FEATURE:1c_static_assert
    Feature record: C_FEATURE:1c_variadic_macros


Detecting C [-std=c99] compiler features compiled with the following output:
Change Dir: /n/rush_lab/users/yoonkim/cuda-mod/build/CMakeFiles/CMakeTmp

Run Build Command:"/usr/bin/gmake" "cmTC_18bf8/fast"
/usr/bin/gmake -f CMakeFiles/cmTC_18bf8.dir/build.make CMakeFiles/cmTC_18bf8.dir/build
gmake[1]: Entering directory `/net/rcstorenfs02/ifs/rc_labs/rush_lab/users/yoonkim/cuda-mod/build/CMakeFiles/CMakeTmp'
Building C object CMakeFiles/cmTC_18bf8.dir/feature_tests.c.o
/n/sw/fasrcsw/apps/Core/gcc/4.8.2-fasrc01/bin/gcc    -std=c99 -o CMakeFiles/cmTC_18bf8.dir/feature_tests.c.o   -c /n/rush_lab/users/yoonkim/cuda-mod/build/CMakeFiles/feature_tests.c
Linking C executable cmTC_18bf8
/n/sw/fasrcsw/apps/Core/cmake/3.5.2-fasrc01/bin/cmake -E cmake_link_script CMakeFiles/cmTC_18bf8.dir/link.txt --verbose=1
/n/sw/fasrcsw/apps/Core/gcc/4.8.2-fasrc01/bin/gcc       CMakeFiles/cmTC_18bf8.dir/feature_tests.c.o  -o cmTC_18bf8 -rdynamic 
gmake[1]: Leaving directory `/net/rcstorenfs02/ifs/rc_labs/rush_lab/users/yoonkim/cuda-mod/build/CMakeFiles/CMakeTmp'


    Feature record: C_FEATURE:1c_function_prototypes
    Feature record: C_FEATURE:1c_restrict
    Feature record: C_FEATURE:0c_static_assert
    Feature record: C_FEATURE:1c_variadic_macros


Detecting C [-std=c90] compiler features compiled with the following output:
Change Dir: /n/rush_lab/users/yoonkim/cuda-mod/build/CMakeFiles/CMakeTmp

Run Build Command:"/usr/bin/gmake" "cmTC_9ca8a/fast"
/usr/bin/gmake -f CMakeFiles/cmTC_9ca8a.dir/build.make CMakeFiles/cmTC_9ca8a.dir/build
gmake[1]: Entering directory `/net/rcstorenfs02/ifs/rc_labs/rush_lab/users/yoonkim/cuda-mod/build/CMakeFiles/CMakeTmp'
Building C object CMakeFiles/cmTC_9ca8a.dir/feature_tests.c.o
/n/sw/fasrcsw/apps/Core/gcc/4.8.2-fasrc01/bin/gcc    -std=c90 -o CMakeFiles/cmTC_9ca8a.dir/feature_tests.c.o   -c /n/rush_lab/users/yoonkim/cuda-mod/build/CMakeFiles/feature_tests.c
Linking C executable cmTC_9ca8a
/n/sw/fasrcsw/apps/Core/cmake/3.5.2-fasrc01/bin/cmake -E cmake_link_script CMakeFiles/cmTC_9ca8a.dir/link.txt --verbose=1
/n/sw/fasrcsw/apps/Core/gcc/4.8.2-fasrc01/bin/gcc       CMakeFiles/cmTC_9ca8a.dir/feature_tests.c.o  -o cmTC_9ca8a -rdynamic 
gmake[1]: Leaving directory `/net/rcstorenfs02/ifs/rc_labs/rush_lab/users/yoonkim/cuda-mod/build/CMakeFiles/CMakeTmp'


    Feature record: C_FEATURE:1c_function_prototypes
    Feature record: C_FEATURE:0c_restrict
    Feature record: C_FEATURE:0c_static_assert
    Feature record: C_FEATURE:0c_variadic_macros
Determining if the CXX compiler works passed with the following output:
Change Dir: /n/rush_lab/users/yoonkim/cuda-mod/build/CMakeFiles/CMakeTmp

Run Build Command:"/usr/bin/gmake" "cmTC_322e2/fast"
/usr/bin/gmake -f CMakeFiles/cmTC_322e2.dir/build.make CMakeFiles/cmTC_322e2.dir/build
gmake[1]: Entering directory `/net/rcstorenfs02/ifs/rc_labs/rush_lab/users/yoonkim/cuda-mod/build/CMakeFiles/CMakeTmp'
Building CXX object CMakeFiles/cmTC_322e2.dir/testCXXCompiler.cxx.o
/n/sw/fasrcsw/apps/Core/gcc/4.8.2-fasrc01/bin/g++      -o CMakeFiles/cmTC_322e2.dir/testCXXCompiler.cxx.o -c /n/rush_lab/users/yoonkim/cuda-mod/build/CMakeFiles/CMakeTmp/testCXXCompiler.cxx
Linking CXX executable cmTC_322e2
/n/sw/fasrcsw/apps/Core/cmake/3.5.2-fasrc01/bin/cmake -E cmake_link_script CMakeFiles/cmTC_322e2.dir/link.txt --verbose=1
/n/sw/fasrcsw/apps/Core/gcc/4.8.2-fasrc01/bin/g++        CMakeFiles/cmTC_322e2.dir/testCXXCompiler.cxx.o  -o cmTC_322e2 -rdynamic 
gmake[1]: Leaving directory `/net/rcstorenfs02/ifs/rc_labs/rush_lab/users/yoonkim/cuda-mod/build/CMakeFiles/CMakeTmp'


Detecting CXX compiler ABI info compiled with the following output:
Change Dir: /n/rush_lab/users/yoonkim/cuda-mod/build/CMakeFiles/CMakeTmp

Run Build Command:"/usr/bin/gmake" "cmTC_6dea1/fast"
/usr/bin/gmake -f CMakeFiles/cmTC_6dea1.dir/build.make CMakeFiles/cmTC_6dea1.dir/build
gmake[1]: Entering directory `/net/rcstorenfs02/ifs/rc_labs/rush_lab/users/yoonkim/cuda-mod/build/CMakeFiles/CMakeTmp'
Building CXX object CMakeFiles/cmTC_6dea1.dir/CMakeCXXCompilerABI.cpp.o
/n/sw/fasrcsw/apps/Core/gcc/4.8.2-fasrc01/bin/g++      -o CMakeFiles/cmTC_6dea1.dir/CMakeCXXCompilerABI.cpp.o -c /n/sw/fasrcsw/apps/Core/cmake/3.5.2-fasrc01/share/cmake-3.5/Modules/CMakeCXXCompilerABI.cpp
Linking CXX executable cmTC_6dea1
/n/sw/fasrcsw/apps/Core/cmake/3.5.2-fasrc01/bin/cmake -E cmake_link_script CMakeFiles/cmTC_6dea1.dir/link.txt --verbose=1
/n/sw/fasrcsw/apps/Core/gcc/4.8.2-fasrc01/bin/g++       -v CMakeFiles/cmTC_6dea1.dir/CMakeCXXCompilerABI.cpp.o  -o cmTC_6dea1 -rdynamic  
Using built-in specs.
COLLECT_GCC=/n/sw/fasrcsw/apps/Core/gcc/4.8.2-fasrc01/bin/g++
COLLECT_LTO_WRAPPER=/n/sw/fasrcsw/apps/Core/gcc/4.8.2-fasrc01/libexec/gcc/x86_64-redhat-linux-gnu/4.8.2/lto-wrapper
Target: x86_64-redhat-linux-gnu
Configured with: ../configure --build=x86_64-redhat-linux-gnu --host=x86_64-redhat-linux-gnu --target=x86_64-redhat-linux-gnu --program-prefix= --prefix=/n/sw/fasrcsw/apps/Core/gcc/4.8.2-fasrc01 --exec-prefix=/n/sw/fasrcsw/apps/Core/gcc/4.8.2-fasrc01 --bindir=/n/sw/fasrcsw/apps/Core/gcc/4.8.2-fasrc01/bin --sbindir=/n/sw/fasrcsw/apps/Core/gcc/4.8.2-fasrc01/sbin --sysconfdir=/n/sw/fasrcsw/apps/Core/gcc/4.8.2-fasrc01/etc --datadir=/n/sw/fasrcsw/apps/Core/gcc/4.8.2-fasrc01/share --includedir=/n/sw/fasrcsw/apps/Core/gcc/4.8.2-fasrc01/include --libdir=/n/sw/fasrcsw/apps/Core/gcc/4.8.2-fasrc01/lib64 --libexecdir=/n/sw/fasrcsw/apps/Core/gcc/4.8.2-fasrc01/libexec --localstatedir=/n/sw/fasrcsw/apps/Core/gcc/4.8.2-fasrc01/var --sharedstatedir=/n/sw/fasrcsw/apps/Core/gcc/4.8.2-fasrc01/var/lib --mandir=/n/sw/fasrcsw/apps/Core/gcc/4.8.2-fasrc01/share/man --infodir=/n/sw/fasrcsw/apps/Core/gcc/4.8.2-fasrc01/share/inf
Thread model: posix
gcc version 4.8.2 (GCC) 
COMPILER_PATH=/n/sw/fasrcsw/apps/Core/gcc/4.8.2-fasrc01/libexec/gcc/x86_64-redhat-linux-gnu/4.8.2/:/n/sw/fasrcsw/apps/Core/gcc/4.8.2-fasrc01/libexec/gcc/x86_64-redhat-linux-gnu/4.8.2/:/n/sw/fasrcsw/apps/Core/gcc/4.8.2-fasrc01/libexec/gcc/x86_64-redhat-linux-gnu/:/n/sw/fasrcsw/apps/Core/gcc/4.8.2-fasrc01/lib64/gcc/x86_64-redhat-linux-gnu/4.8.2/:/n/sw/fasrcsw/apps/Core/gcc/4.8.2-fasrc01/lib64/gcc/x86_64-redhat-linux-gnu/
LIBRARY_PATH=/net/rcstorenfs02/ifs/rc_labs/rush_lab/sw/lib64/../lib64/:/net/rcstorenfs02/ifs/rc_labs/rush_lab/sw/lib/../lib64/:/n/sw/fasrcsw/apps/Core/cudnn/7.0-fasrc01/lib64/../lib64/:/n/sw/fasrcsw/apps/Core/mpfr/3.1.2-fasrc01/lib64/../lib64/:/n/sw/fasrcsw/apps/Core/mpc/1.0.1-fasrc01/lib64/../lib64/:/n/sw/fasrcsw/apps/Core/gmp/6.0.0-fasrc01/lib64/../lib64/:/n/sw/fasrcsw/apps/Core/gcc/4.8.2-fasrc01/lib64/../lib64/:/n/sw/fasrcsw/apps/Core/gcc/4.8.2-fasrc01/lib/../lib64/:/net/rcstorenfs02/ifs/rc_labs/rush_lab/sw/lib64/../lib64/:/net/rcstorenfs02/ifs/rc_labs/rush_lab/sw/lib/../lib64/:/n/sw/fasrcsw/apps/Core/gcc/4.8.2-fasrc01/lib64/gcc/x86_64-redhat-linux-gnu/4.8.2/:/n/sw/fasrcsw/apps/Core/gcc/4.8.2-fasrc01/lib64/gcc/x86_64-redhat-linux-gnu/4.8.2/../../../../lib64/:/lib/../lib64/:/usr/lib/../lib64/:/net/rcstorenfs02/ifs/rc_labs/rush_lab/sw/lib64/:/net/rcstorenfs02/ifs/rc_labs/rush_lab/sw/x86_64-unknown-linux-gnu/lib/:/net/rcstorenfs02/ifs/rc_labs/rush_lab/sw/lib/:/n/sw/fasrcsw/apps/Core/cudnn/7.0-fasrc01/lib64/:/n/sw/fasrcsw/apps/Core/mpfr/3.1.2-fasrc01/lib64/:/n/sw/fasrcsw/apps/Core/mpc/1.0.1-fasrc01/lib64/:/n/sw/fasrcsw/apps/Core/gmp/6.0.0-fasrc01/lib64/:/usr/local/cuda-7.5/lib64/:/n/sw/fasrcsw/apps/Comp/gcc/4.8.2-fasrc01/OpenBLAS/0.2.14-fasrc01/lib/:/n/sw/fasrcsw/apps/Core/LuaJIT/2.0.4-fasrc01/lib/:/n/sw/fasrcsw/apps/Core/gcc/4.8.2-fasrc01/lib64/:/n/sw/fasrcsw/apps/Core/gcc/4.8.2-fasrc01/lib/:/net/rcstorenfs02/ifs/rc_labs/rush_lab/sw/lib64/:/net/rcstorenfs02/ifs/rc_labs/rush_lab/sw/x86_64-unknown-linux-gnu/lib/:/net/rcstorenfs02/ifs/rc_labs/rush_lab/sw/lib/:/n/sw/fasrcsw/apps/Core/gcc/4.8.2-fasrc01/lib64/gcc/x86_64-redhat-linux-gnu/4.8.2/../../../:/lib/:/usr/lib/
COLLECT_GCC_OPTIONS='-v' '-o' 'cmTC_6dea1' '-rdynamic' '-shared-libgcc' '-mtune=generic' '-march=x86-64'
 /n/sw/fasrcsw/apps/Core/gcc/4.8.2-fasrc01/libexec/gcc/x86_64-redhat-linux-gnu/4.8.2/collect2 --eh-frame-hdr -m elf_x86_64 -export-dynamic -dynamic-linker /lib64/ld-linux-x86-64.so.2 -o cmTC_6dea1 /usr/lib/../lib64/crt1.o /usr/lib/../lib64/crti.o /n/sw/fasrcsw/apps/Core/gcc/4.8.2-fasrc01/lib64/gcc/x86_64-redhat-linux-gnu/4.8.2/crtbegin.o -L/net/rcstorenfs02/ifs/rc_labs/rush_lab/sw/lib64/../lib64 -L/net/rcstorenfs02/ifs/rc_labs/rush_lab/sw/lib/../lib64 -L/n/sw/fasrcsw/apps/Core/cudnn/7.0-fasrc01/lib64/../lib64 -L/n/sw/fasrcsw/apps/Core/mpfr/3.1.2-fasrc01/lib64/../lib64 -L/n/sw/fasrcsw/apps/Core/mpc/1.0.1-fasrc01/lib64/../lib64 -L/n/sw/fasrcsw/apps/Core/gmp/6.0.0-fasrc01/lib64/../lib64 -L/n/sw/fasrcsw/apps/Core/gcc/4.8.2-fasrc01/lib64/../lib64 -L/n/sw/fasrcsw/apps/Core/gcc/4.8.2-fasrc01/lib/../lib64 -L/net/rcstorenfs02/ifs/rc_labs/rush_lab/sw/lib64/../lib64 -L/net/rcstorenfs02/ifs/rc_labs/rush_lab/sw/lib/../lib64 -L/n/sw/fasrcsw/apps/Core/gcc/4.8.2-fasrc01/lib64/gcc/x86_64-redhat-linux-gnu/4.8.2 -L/n/sw/fasrcsw/apps/Core/gcc/4.8.2-fasrc01/lib64/gcc/x86_64-redhat-linux-gnu/4.8.2/../../../../lib64 -L/lib/../lib64 -L/usr/lib/../lib64 -L/net/rcstorenfs02/ifs/rc_labs/rush_lab/sw/lib64 -L/net/rcstorenfs02/ifs/rc_labs/rush_lab/sw/x86_64-unknown-linux-gnu/lib -L/net/rcstorenfs02/ifs/rc_labs/rush_lab/sw/lib -L/n/sw/fasrcsw/apps/Core/cudnn/7.0-fasrc01/lib64 -L/n/sw/fasrcsw/apps/Core/mpfr/3.1.2-fasrc01/lib64 -L/n/sw/fasrcsw/apps/Core/mpc/1.0.1-fasrc01/lib64 -L/n/sw/fasrcsw/apps/Core/gmp/6.0.0-fasrc01/lib64 -L/usr/local/cuda-7.5/lib64 -L/n/sw/fasrcsw/apps/Comp/gcc/4.8.2-fasrc01/OpenBLAS/0.2.14-fasrc01/lib -L/n/sw/fasrcsw/apps/Core/LuaJIT/2.0.4-fasrc01/lib -L/n/sw/fasrcsw/apps/Core/gcc/4.8.2-fasrc01/lib64 -L/n/sw/fasrcsw/apps/Core/gcc/4.8.2-fasrc01/lib -L/net/rcstorenfs02/ifs/rc_labs/rush_lab/sw/lib64 -L/net/rcstorenfs02/ifs/rc_labs/rush_lab/sw/x86_64-unknown-linux-gnu/lib -L/net/rcstorenfs02/ifs/rc_labs/rush_lab/sw/lib -L/n/sw/fasrcsw/apps/Core/gcc/4.8.2-fasrc01/lib64/gcc/x86_64-redhat-linux-gnu/4.8.2/../../.. CMakeFiles/cmTC_6dea1.dir/CMakeCXXCompilerABI.cpp.o -lstdc++ -lm -lgcc_s -lgcc -lc -lgcc_s -lgcc /n/sw/fasrcsw/apps/Core/gcc/4.8.2-fasrc01/lib64/gcc/x86_64-redhat-linux-gnu/4.8.2/crtend.o /usr/lib/../lib64/crtn.o
gmake[1]: Leaving directory `/net/rcstorenfs02/ifs/rc_labs/rush_lab/users/yoonkim/cuda-mod/build/CMakeFiles/CMakeTmp'


Parsed CXX implicit link information from above output:
  link line regex: [^( *|.*[/\])(ld|([^/\]+-)?ld|collect2)[^/\]*( |$)]
  ignore line: [Change Dir: /n/rush_lab/users/yoonkim/cuda-mod/build/CMakeFiles/CMakeTmp]
  ignore line: []
  ignore line: [Run Build Command:"/usr/bin/gmake" "cmTC_6dea1/fast"]
  ignore line: [/usr/bin/gmake -f CMakeFiles/cmTC_6dea1.dir/build.make CMakeFiles/cmTC_6dea1.dir/build]
  ignore line: [gmake[1]: Entering directory `/net/rcstorenfs02/ifs/rc_labs/rush_lab/users/yoonkim/cuda-mod/build/CMakeFiles/CMakeTmp']
  ignore line: [Building CXX object CMakeFiles/cmTC_6dea1.dir/CMakeCXXCompilerABI.cpp.o]
  ignore line: [/n/sw/fasrcsw/apps/Core/gcc/4.8.2-fasrc01/bin/g++      -o CMakeFiles/cmTC_6dea1.dir/CMakeCXXCompilerABI.cpp.o -c /n/sw/fasrcsw/apps/Core/cmake/3.5.2-fasrc01/share/cmake-3.5/Modules/CMakeCXXCompilerABI.cpp]
  ignore line: [Linking CXX executable cmTC_6dea1]
  ignore line: [/n/sw/fasrcsw/apps/Core/cmake/3.5.2-fasrc01/bin/cmake -E cmake_link_script CMakeFiles/cmTC_6dea1.dir/link.txt --verbose=1]
  ignore line: [/n/sw/fasrcsw/apps/Core/gcc/4.8.2-fasrc01/bin/g++       -v CMakeFiles/cmTC_6dea1.dir/CMakeCXXCompilerABI.cpp.o  -o cmTC_6dea1 -rdynamic  ]
  ignore line: [Using built-in specs.]
  ignore line: [COLLECT_GCC=/n/sw/fasrcsw/apps/Core/gcc/4.8.2-fasrc01/bin/g++]
  ignore line: [COLLECT_LTO_WRAPPER=/n/sw/fasrcsw/apps/Core/gcc/4.8.2-fasrc01/libexec/gcc/x86_64-redhat-linux-gnu/4.8.2/lto-wrapper]
  ignore line: [Target: x86_64-redhat-linux-gnu]
  ignore line: [Configured with: ../configure --build=x86_64-redhat-linux-gnu --host=x86_64-redhat-linux-gnu --target=x86_64-redhat-linux-gnu --program-prefix= --prefix=/n/sw/fasrcsw/apps/Core/gcc/4.8.2-fasrc01 --exec-prefix=/n/sw/fasrcsw/apps/Core/gcc/4.8.2-fasrc01 --bindir=/n/sw/fasrcsw/apps/Core/gcc/4.8.2-fasrc01/bin --sbindir=/n/sw/fasrcsw/apps/Core/gcc/4.8.2-fasrc01/sbin --sysconfdir=/n/sw/fasrcsw/apps/Core/gcc/4.8.2-fasrc01/etc --datadir=/n/sw/fasrcsw/apps/Core/gcc/4.8.2-fasrc01/share --includedir=/n/sw/fasrcsw/apps/Core/gcc/4.8.2-fasrc01/include --libdir=/n/sw/fasrcsw/apps/Core/gcc/4.8.2-fasrc01/lib64 --libexecdir=/n/sw/fasrcsw/apps/Core/gcc/4.8.2-fasrc01/libexec --localstatedir=/n/sw/fasrcsw/apps/Core/gcc/4.8.2-fasrc01/var --sharedstatedir=/n/sw/fasrcsw/apps/Core/gcc/4.8.2-fasrc01/var/lib --mandir=/n/sw/fasrcsw/apps/Core/gcc/4.8.2-fasrc01/share/man --infodir=/n/sw/fasrcsw/apps/Core/gcc/4.8.2-fasrc01/share/inf]
  ignore line: [Thread model: posix]
  ignore line: [gcc version 4.8.2 (GCC) ]
  ignore line: [COMPILER_PATH=/n/sw/fasrcsw/apps/Core/gcc/4.8.2-fasrc01/libexec/gcc/x86_64-redhat-linux-gnu/4.8.2/:/n/sw/fasrcsw/apps/Core/gcc/4.8.2-fasrc01/libexec/gcc/x86_64-redhat-linux-gnu/4.8.2/:/n/sw/fasrcsw/apps/Core/gcc/4.8.2-fasrc01/libexec/gcc/x86_64-redhat-linux-gnu/:/n/sw/fasrcsw/apps/Core/gcc/4.8.2-fasrc01/lib64/gcc/x86_64-redhat-linux-gnu/4.8.2/:/n/sw/fasrcsw/apps/Core/gcc/4.8.2-fasrc01/lib64/gcc/x86_64-redhat-linux-gnu/]
  ignore line: [LIBRARY_PATH=/net/rcstorenfs02/ifs/rc_labs/rush_lab/sw/lib64/../lib64/:/net/rcstorenfs02/ifs/rc_labs/rush_lab/sw/lib/../lib64/:/n/sw/fasrcsw/apps/Core/cudnn/7.0-fasrc01/lib64/../lib64/:/n/sw/fasrcsw/apps/Core/mpfr/3.1.2-fasrc01/lib64/../lib64/:/n/sw/fasrcsw/apps/Core/mpc/1.0.1-fasrc01/lib64/../lib64/:/n/sw/fasrcsw/apps/Core/gmp/6.0.0-fasrc01/lib64/../lib64/:/n/sw/fasrcsw/apps/Core/gcc/4.8.2-fasrc01/lib64/../lib64/:/n/sw/fasrcsw/apps/Core/gcc/4.8.2-fasrc01/lib/../lib64/:/net/rcstorenfs02/ifs/rc_labs/rush_lab/sw/lib64/../lib64/:/net/rcstorenfs02/ifs/rc_labs/rush_lab/sw/lib/../lib64/:/n/sw/fasrcsw/apps/Core/gcc/4.8.2-fasrc01/lib64/gcc/x86_64-redhat-linux-gnu/4.8.2/:/n/sw/fasrcsw/apps/Core/gcc/4.8.2-fasrc01/lib64/gcc/x86_64-redhat-linux-gnu/4.8.2/../../../../lib64/:/lib/../lib64/:/usr/lib/../lib64/:/net/rcstorenfs02/ifs/rc_labs/rush_lab/sw/lib64/:/net/rcstorenfs02/ifs/rc_labs/rush_lab/sw/x86_64-unknown-linux-gnu/lib/:/net/rcstorenfs02/ifs/rc_labs/rush_lab/sw/lib/:/n/sw/fasrcsw/apps/Core/cudnn/7.0-fasrc01/lib64/:/n/sw/fasrcsw/apps/Core/mpfr/3.1.2-fasrc01/lib64/:/n/sw/fasrcsw/apps/Core/mpc/1.0.1-fasrc01/lib64/:/n/sw/fasrcsw/apps/Core/gmp/6.0.0-fasrc01/lib64/:/usr/local/cuda-7.5/lib64/:/n/sw/fasrcsw/apps/Comp/gcc/4.8.2-fasrc01/OpenBLAS/0.2.14-fasrc01/lib/:/n/sw/fasrcsw/apps/Core/LuaJIT/2.0.4-fasrc01/lib/:/n/sw/fasrcsw/apps/Core/gcc/4.8.2-fasrc01/lib64/:/n/sw/fasrcsw/apps/Core/gcc/4.8.2-fasrc01/lib/:/net/rcstorenfs02/ifs/rc_labs/rush_lab/sw/lib64/:/net/rcstorenfs02/ifs/rc_labs/rush_lab/sw/x86_64-unknown-linux-gnu/lib/:/net/rcstorenfs02/ifs/rc_labs/rush_lab/sw/lib/:/n/sw/fasrcsw/apps/Core/gcc/4.8.2-fasrc01/lib64/gcc/x86_64-redhat-linux-gnu/4.8.2/../../../:/lib/:/usr/lib/]
  ignore line: [COLLECT_GCC_OPTIONS='-v' '-o' 'cmTC_6dea1' '-rdynamic' '-shared-libgcc' '-mtune=generic' '-march=x86-64']
  link line: [ /n/sw/fasrcsw/apps/Core/gcc/4.8.2-fasrc01/libexec/gcc/x86_64-redhat-linux-gnu/4.8.2/collect2 --eh-frame-hdr -m elf_x86_64 -export-dynamic -dynamic-linker /lib64/ld-linux-x86-64.so.2 -o cmTC_6dea1 /usr/lib/../lib64/crt1.o /usr/lib/../lib64/crti.o /n/sw/fasrcsw/apps/Core/gcc/4.8.2-fasrc01/lib64/gcc/x86_64-redhat-linux-gnu/4.8.2/crtbegin.o -L/net/rcstorenfs02/ifs/rc_labs/rush_lab/sw/lib64/../lib64 -L/net/rcstorenfs02/ifs/rc_labs/rush_lab/sw/lib/../lib64 -L/n/sw/fasrcsw/apps/Core/cudnn/7.0-fasrc01/lib64/../lib64 -L/n/sw/fasrcsw/apps/Core/mpfr/3.1.2-fasrc01/lib64/../lib64 -L/n/sw/fasrcsw/apps/Core/mpc/1.0.1-fasrc01/lib64/../lib64 -L/n/sw/fasrcsw/apps/Core/gmp/6.0.0-fasrc01/lib64/../lib64 -L/n/sw/fasrcsw/apps/Core/gcc/4.8.2-fasrc01/lib64/../lib64 -L/n/sw/fasrcsw/apps/Core/gcc/4.8.2-fasrc01/lib/../lib64 -L/net/rcstorenfs02/ifs/rc_labs/rush_lab/sw/lib64/../lib64 -L/net/rcstorenfs02/ifs/rc_labs/rush_lab/sw/lib/../lib64 -L/n/sw/fasrcsw/apps/Core/gcc/4.8.2-fasrc01/lib64/gcc/x86_64-redhat-linux-gnu/4.8.2 -L/n/sw/fasrcsw/apps/Core/gcc/4.8.2-fasrc01/lib64/gcc/x86_64-redhat-linux-gnu/4.8.2/../../../../lib64 -L/lib/../lib64 -L/usr/lib/../lib64 -L/net/rcstorenfs02/ifs/rc_labs/rush_lab/sw/lib64 -L/net/rcstorenfs02/ifs/rc_labs/rush_lab/sw/x86_64-unknown-linux-gnu/lib -L/net/rcstorenfs02/ifs/rc_labs/rush_lab/sw/lib -L/n/sw/fasrcsw/apps/Core/cudnn/7.0-fasrc01/lib64 -L/n/sw/fasrcsw/apps/Core/mpfr/3.1.2-fasrc01/lib64 -L/n/sw/fasrcsw/apps/Core/mpc/1.0.1-fasrc01/lib64 -L/n/sw/fasrcsw/apps/Core/gmp/6.0.0-fasrc01/lib64 -L/usr/local/cuda-7.5/lib64 -L/n/sw/fasrcsw/apps/Comp/gcc/4.8.2-fasrc01/OpenBLAS/0.2.14-fasrc01/lib -L/n/sw/fasrcsw/apps/Core/LuaJIT/2.0.4-fasrc01/lib -L/n/sw/fasrcsw/apps/Core/gcc/4.8.2-fasrc01/lib64 -L/n/sw/fasrcsw/apps/Core/gcc/4.8.2-fasrc01/lib -L/net/rcstorenfs02/ifs/rc_labs/rush_lab/sw/lib64 -L/net/rcstorenfs02/ifs/rc_labs/rush_lab/sw/x86_64-unknown-linux-gnu/lib -L/net/rcstorenfs02/ifs/rc_labs/rush_lab/sw/lib -L/n/sw/fasrcsw/apps/Core/gcc/4.8.2-fasrc01/lib64/gcc/x86_64-redhat-linux-gnu/4.8.2/../../.. CMakeFiles/cmTC_6dea1.dir/CMakeCXXCompilerABI.cpp.o -lstdc++ -lm -lgcc_s -lgcc -lc -lgcc_s -lgcc /n/sw/fasrcsw/apps/Core/gcc/4.8.2-fasrc01/lib64/gcc/x86_64-redhat-linux-gnu/4.8.2/crtend.o /usr/lib/../lib64/crtn.o]
    arg [/n/sw/fasrcsw/apps/Core/gcc/4.8.2-fasrc01/libexec/gcc/x86_64-redhat-linux-gnu/4.8.2/collect2] ==> ignore
    arg [--eh-frame-hdr] ==> ignore
    arg [-m] ==> ignore
    arg [elf_x86_64] ==> ignore
    arg [-export-dynamic] ==> ignore
    arg [-dynamic-linker] ==> ignore
    arg [/lib64/ld-linux-x86-64.so.2] ==> ignore
    arg [-o] ==> ignore
    arg [cmTC_6dea1] ==> ignore
    arg [/usr/lib/../lib64/crt1.o] ==> ignore
    arg [/usr/lib/../lib64/crti.o] ==> ignore
    arg [/n/sw/fasrcsw/apps/Core/gcc/4.8.2-fasrc01/lib64/gcc/x86_64-redhat-linux-gnu/4.8.2/crtbegin.o] ==> ignore
    arg [-L/net/rcstorenfs02/ifs/rc_labs/rush_lab/sw/lib64/../lib64] ==> dir [/net/rcstorenfs02/ifs/rc_labs/rush_lab/sw/lib64/../lib64]
    arg [-L/net/rcstorenfs02/ifs/rc_labs/rush_lab/sw/lib/../lib64] ==> dir [/net/rcstorenfs02/ifs/rc_labs/rush_lab/sw/lib/../lib64]
    arg [-L/n/sw/fasrcsw/apps/Core/cudnn/7.0-fasrc01/lib64/../lib64] ==> dir [/n/sw/fasrcsw/apps/Core/cudnn/7.0-fasrc01/lib64/../lib64]
    arg [-L/n/sw/fasrcsw/apps/Core/mpfr/3.1.2-fasrc01/lib64/../lib64] ==> dir [/n/sw/fasrcsw/apps/Core/mpfr/3.1.2-fasrc01/lib64/../lib64]
    arg [-L/n/sw/fasrcsw/apps/Core/mpc/1.0.1-fasrc01/lib64/../lib64] ==> dir [/n/sw/fasrcsw/apps/Core/mpc/1.0.1-fasrc01/lib64/../lib64]
    arg [-L/n/sw/fasrcsw/apps/Core/gmp/6.0.0-fasrc01/lib64/../lib64] ==> dir [/n/sw/fasrcsw/apps/Core/gmp/6.0.0-fasrc01/lib64/../lib64]
    arg [-L/n/sw/fasrcsw/apps/Core/gcc/4.8.2-fasrc01/lib64/../lib64] ==> dir [/n/sw/fasrcsw/apps/Core/gcc/4.8.2-fasrc01/lib64/../lib64]
    arg [-L/n/sw/fasrcsw/apps/Core/gcc/4.8.2-fasrc01/lib/../lib64] ==> dir [/n/sw/fasrcsw/apps/Core/gcc/4.8.2-fasrc01/lib/../lib64]
    arg [-L/net/rcstorenfs02/ifs/rc_labs/rush_lab/sw/lib64/../lib64] ==> dir [/net/rcstorenfs02/ifs/rc_labs/rush_lab/sw/lib64/../lib64]
    arg [-L/net/rcstorenfs02/ifs/rc_labs/rush_lab/sw/lib/../lib64] ==> dir [/net/rcstorenfs02/ifs/rc_labs/rush_lab/sw/lib/../lib64]
    arg [-L/n/sw/fasrcsw/apps/Core/gcc/4.8.2-fasrc01/lib64/gcc/x86_64-redhat-linux-gnu/4.8.2] ==> dir [/n/sw/fasrcsw/apps/Core/gcc/4.8.2-fasrc01/lib64/gcc/x86_64-redhat-linux-gnu/4.8.2]
    arg [-L/n/sw/fasrcsw/apps/Core/gcc/4.8.2-fasrc01/lib64/gcc/x86_64-redhat-linux-gnu/4.8.2/../../../../lib64] ==> dir [/n/sw/fasrcsw/apps/Core/gcc/4.8.2-fasrc01/lib64/gcc/x86_64-redhat-linux-gnu/4.8.2/../../../../lib64]
    arg [-L/lib/../lib64] ==> dir [/lib/../lib64]
    arg [-L/usr/lib/../lib64] ==> dir [/usr/lib/../lib64]
    arg [-L/net/rcstorenfs02/ifs/rc_labs/rush_lab/sw/lib64] ==> dir [/net/rcstorenfs02/ifs/rc_labs/rush_lab/sw/lib64]
    arg [-L/net/rcstorenfs02/ifs/rc_labs/rush_lab/sw/x86_64-unknown-linux-gnu/lib] ==> dir [/net/rcstorenfs02/ifs/rc_labs/rush_lab/sw/x86_64-unknown-linux-gnu/lib]
    arg [-L/net/rcstorenfs02/ifs/rc_labs/rush_lab/sw/lib] ==> dir [/net/rcstorenfs02/ifs/rc_labs/rush_lab/sw/lib]
    arg [-L/n/sw/fasrcsw/apps/Core/cudnn/7.0-fasrc01/lib64] ==> dir [/n/sw/fasrcsw/apps/Core/cudnn/7.0-fasrc01/lib64]
    arg [-L/n/sw/fasrcsw/apps/Core/mpfr/3.1.2-fasrc01/lib64] ==> dir [/n/sw/fasrcsw/apps/Core/mpfr/3.1.2-fasrc01/lib64]
    arg [-L/n/sw/fasrcsw/apps/Core/mpc/1.0.1-fasrc01/lib64] ==> dir [/n/sw/fasrcsw/apps/Core/mpc/1.0.1-fasrc01/lib64]
    arg [-L/n/sw/fasrcsw/apps/Core/gmp/6.0.0-fasrc01/lib64] ==> dir [/n/sw/fasrcsw/apps/Core/gmp/6.0.0-fasrc01/lib64]
    arg [-L/usr/local/cuda-7.5/lib64] ==> dir [/usr/local/cuda-7.5/lib64]
    arg [-L/n/sw/fasrcsw/apps/Comp/gcc/4.8.2-fasrc01/OpenBLAS/0.2.14-fasrc01/lib] ==> dir [/n/sw/fasrcsw/apps/Comp/gcc/4.8.2-fasrc01/OpenBLAS/0.2.14-fasrc01/lib]
    arg [-L/n/sw/fasrcsw/apps/Core/LuaJIT/2.0.4-fasrc01/lib] ==> dir [/n/sw/fasrcsw/apps/Core/LuaJIT/2.0.4-fasrc01/lib]
    arg [-L/n/sw/fasrcsw/apps/Core/gcc/4.8.2-fasrc01/lib64] ==> dir [/n/sw/fasrcsw/apps/Core/gcc/4.8.2-fasrc01/lib64]
    arg [-L/n/sw/fasrcsw/apps/Core/gcc/4.8.2-fasrc01/lib] ==> dir [/n/sw/fasrcsw/apps/Core/gcc/4.8.2-fasrc01/lib]
    arg [-L/net/rcstorenfs02/ifs/rc_labs/rush_lab/sw/lib64] ==> dir [/net/rcstorenfs02/ifs/rc_labs/rush_lab/sw/lib64]
    arg [-L/net/rcstorenfs02/ifs/rc_labs/rush_lab/sw/x86_64-unknown-linux-gnu/lib] ==> dir [/net/rcstorenfs02/ifs/rc_labs/rush_lab/sw/x86_64-unknown-linux-gnu/lib]
    arg [-L/net/rcstorenfs02/ifs/rc_labs/rush_lab/sw/lib] ==> dir [/net/rcstorenfs02/ifs/rc_labs/rush_lab/sw/lib]
    arg [-L/n/sw/fasrcsw/apps/Core/gcc/4.8.2-fasrc01/lib64/gcc/x86_64-redhat-linux-gnu/4.8.2/../../..] ==> dir [/n/sw/fasrcsw/apps/Core/gcc/4.8.2-fasrc01/lib64/gcc/x86_64-redhat-linux-gnu/4.8.2/../../..]
    arg [CMakeFiles/cmTC_6dea1.dir/CMakeCXXCompilerABI.cpp.o] ==> ignore
    arg [-lstdc++] ==> lib [stdc++]
    arg [-lm] ==> lib [m]
    arg [-lgcc_s] ==> lib [gcc_s]
    arg [-lgcc] ==> lib [gcc]
    arg [-lc] ==> lib [c]
    arg [-lgcc_s] ==> lib [gcc_s]
    arg [-lgcc] ==> lib [gcc]
    arg [/n/sw/fasrcsw/apps/Core/gcc/4.8.2-fasrc01/lib64/gcc/x86_64-redhat-linux-gnu/4.8.2/crtend.o] ==> ignore
    arg [/usr/lib/../lib64/crtn.o] ==> ignore
  remove lib [gcc_s]
  remove lib [gcc]
  remove lib [gcc_s]
  remove lib [gcc]
  collapse library dir [/net/rcstorenfs02/ifs/rc_labs/rush_lab/sw/lib64/../lib64] ==> [/n/rush_lab/sw/lib64]
  collapse library dir [/net/rcstorenfs02/ifs/rc_labs/rush_lab/sw/lib/../lib64] ==> [/n/rush_lab/sw/lib64]
  collapse library dir [/n/sw/fasrcsw/apps/Core/cudnn/7.0-fasrc01/lib64/../lib64] ==> [/n/sw/fasrcsw/apps/Core/cudnn/7.0-fasrc01/lib64]
  collapse library dir [/n/sw/fasrcsw/apps/Core/mpfr/3.1.2-fasrc01/lib64/../lib64] ==> [/n/sw/fasrcsw/apps/Core/mpfr/3.1.2-fasrc01/lib64]
  collapse library dir [/n/sw/fasrcsw/apps/Core/mpc/1.0.1-fasrc01/lib64/../lib64] ==> [/n/sw/fasrcsw/apps/Core/mpc/1.0.1-fasrc01/lib64]
  collapse library dir [/n/sw/fasrcsw/apps/Core/gmp/6.0.0-fasrc01/lib64/../lib64] ==> [/n/sw/fasrcsw/apps/Core/gmp/6.0.0-fasrc01/lib64]
  collapse library dir [/n/sw/fasrcsw/apps/Core/gcc/4.8.2-fasrc01/lib64/../lib64] ==> [/n/sw/fasrcsw/apps/Core/gcc/4.8.2-fasrc01/lib64]
  collapse library dir [/n/sw/fasrcsw/apps/Core/gcc/4.8.2-fasrc01/lib/../lib64] ==> [/n/sw/fasrcsw/apps/Core/gcc/4.8.2-fasrc01/lib64]
  collapse library dir [/net/rcstorenfs02/ifs/rc_labs/rush_lab/sw/lib64/../lib64] ==> [/n/rush_lab/sw/lib64]
  collapse library dir [/net/rcstorenfs02/ifs/rc_labs/rush_lab/sw/lib/../lib64] ==> [/n/rush_lab/sw/lib64]
  collapse library dir [/n/sw/fasrcsw/apps/Core/gcc/4.8.2-fasrc01/lib64/gcc/x86_64-redhat-linux-gnu/4.8.2] ==> [/n/sw/fasrcsw/apps/Core/gcc/4.8.2-fasrc01/lib64/gcc/x86_64-redhat-linux-gnu/4.8.2]
  collapse library dir [/n/sw/fasrcsw/apps/Core/gcc/4.8.2-fasrc01/lib64/gcc/x86_64-redhat-linux-gnu/4.8.2/../../../../lib64] ==> [/n/sw/fasrcsw/apps/Core/gcc/4.8.2-fasrc01/lib64]
  collapse library dir [/lib/../lib64] ==> [/lib64]
  collapse library dir [/usr/lib/../lib64] ==> [/usr/lib64]
  collapse library dir [/net/rcstorenfs02/ifs/rc_labs/rush_lab/sw/lib64] ==> [/n/rush_lab/sw/lib64]
  collapse library dir [/net/rcstorenfs02/ifs/rc_labs/rush_lab/sw/x86_64-unknown-linux-gnu/lib] ==> [/n/rush_lab/sw/x86_64-unknown-linux-gnu/lib]
  collapse library dir [/net/rcstorenfs02/ifs/rc_labs/rush_lab/sw/lib] ==> [/n/rush_lab/sw/lib]
  collapse library dir [/n/sw/fasrcsw/apps/Core/cudnn/7.0-fasrc01/lib64] ==> [/n/sw/fasrcsw/apps/Core/cudnn/7.0-fasrc01/lib64]
  collapse library dir [/n/sw/fasrcsw/apps/Core/mpfr/3.1.2-fasrc01/lib64] ==> [/n/sw/fasrcsw/apps/Core/mpfr/3.1.2-fasrc01/lib64]
  collapse library dir [/n/sw/fasrcsw/apps/Core/mpc/1.0.1-fasrc01/lib64] ==> [/n/sw/fasrcsw/apps/Core/mpc/1.0.1-fasrc01/lib64]
  collapse library dir [/n/sw/fasrcsw/apps/Core/gmp/6.0.0-fasrc01/lib64] ==> [/n/sw/fasrcsw/apps/Core/gmp/6.0.0-fasrc01/lib64]
  collapse library dir [/usr/local/cuda-7.5/lib64] ==> [/usr/local/cuda-7.5/lib64]
  collapse library dir [/n/sw/fasrcsw/apps/Comp/gcc/4.8.2-fasrc01/OpenBLAS/0.2.14-fasrc01/lib] ==> [/n/sw/fasrcsw/apps/Comp/gcc/4.8.2-fasrc01/OpenBLAS/0.2.14-fasrc01/lib]
  collapse library dir [/n/sw/fasrcsw/apps/Core/LuaJIT/2.0.4-fasrc01/lib] ==> [/n/sw/fasrcsw/apps/Core/LuaJIT/2.0.4-fasrc01/lib]
  collapse library dir [/n/sw/fasrcsw/apps/Core/gcc/4.8.2-fasrc01/lib64] ==> [/n/sw/fasrcsw/apps/Core/gcc/4.8.2-fasrc01/lib64]
  collapse library dir [/n/sw/fasrcsw/apps/Core/gcc/4.8.2-fasrc01/lib] ==> [/n/sw/fasrcsw/apps/Core/gcc/4.8.2-fasrc01/lib]
  collapse library dir [/net/rcstorenfs02/ifs/rc_labs/rush_lab/sw/lib64] ==> [/n/rush_lab/sw/lib64]
  collapse library dir [/net/rcstorenfs02/ifs/rc_labs/rush_lab/sw/x86_64-unknown-linux-gnu/lib] ==> [/n/rush_lab/sw/x86_64-unknown-linux-gnu/lib]
  collapse library dir [/net/rcstorenfs02/ifs/rc_labs/rush_lab/sw/lib] ==> [/n/rush_lab/sw/lib]
  collapse library dir [/n/sw/fasrcsw/apps/Core/gcc/4.8.2-fasrc01/lib64/gcc/x86_64-redhat-linux-gnu/4.8.2/../../..] ==> [/n/sw/fasrcsw/apps/Core/gcc/4.8.2-fasrc01/lib64]
  implicit libs: [stdc++;m;c]
  implicit dirs: [/n/rush_lab/sw/lib64;/n/sw/fasrcsw/apps/Core/cudnn/7.0-fasrc01/lib64;/n/sw/fasrcsw/apps/Core/mpfr/3.1.2-fasrc01/lib64;/n/sw/fasrcsw/apps/Core/mpc/1.0.1-fasrc01/lib64;/n/sw/fasrcsw/apps/Core/gmp/6.0.0-fasrc01/lib64;/n/sw/fasrcsw/apps/Core/gcc/4.8.2-fasrc01/lib64;/n/sw/fasrcsw/apps/Core/gcc/4.8.2-fasrc01/lib64/gcc/x86_64-redhat-linux-gnu/4.8.2;/lib64;/usr/lib64;/n/rush_lab/sw/x86_64-unknown-linux-gnu/lib;/n/rush_lab/sw/lib;/usr/local/cuda-7.5/lib64;/n/sw/fasrcsw/apps/Comp/gcc/4.8.2-fasrc01/OpenBLAS/0.2.14-fasrc01/lib;/n/sw/fasrcsw/apps/Core/LuaJIT/2.0.4-fasrc01/lib;/n/sw/fasrcsw/apps/Core/gcc/4.8.2-fasrc01/lib]
  implicit fwks: []




Detecting CXX [-std=c++1y] compiler features compiled with the following output:
Change Dir: /n/rush_lab/users/yoonkim/cuda-mod/build/CMakeFiles/CMakeTmp

Run Build Command:"/usr/bin/gmake" "cmTC_15dc1/fast"
/usr/bin/gmake -f CMakeFiles/cmTC_15dc1.dir/build.make CMakeFiles/cmTC_15dc1.dir/build
gmake[1]: Entering directory `/net/rcstorenfs02/ifs/rc_labs/rush_lab/users/yoonkim/cuda-mod/build/CMakeFiles/CMakeTmp'
Building CXX object CMakeFiles/cmTC_15dc1.dir/feature_tests.cxx.o
/n/sw/fasrcsw/apps/Core/gcc/4.8.2-fasrc01/bin/g++     -std=c++1y -o CMakeFiles/cmTC_15dc1.dir/feature_tests.cxx.o -c /n/rush_lab/users/yoonkim/cuda-mod/build/CMakeFiles/feature_tests.cxx
Linking CXX executable cmTC_15dc1
/n/sw/fasrcsw/apps/Core/cmake/3.5.2-fasrc01/bin/cmake -E cmake_link_script CMakeFiles/cmTC_15dc1.dir/link.txt --verbose=1
/n/sw/fasrcsw/apps/Core/gcc/4.8.2-fasrc01/bin/g++        CMakeFiles/cmTC_15dc1.dir/feature_tests.cxx.o  -o cmTC_15dc1 -rdynamic 
gmake[1]: Leaving directory `/net/rcstorenfs02/ifs/rc_labs/rush_lab/users/yoonkim/cuda-mod/build/CMakeFiles/CMakeTmp'


    Feature record: CXX_FEATURE:0cxx_aggregate_default_initializers
    Feature record: CXX_FEATURE:1cxx_alias_templates
    Feature record: CXX_FEATURE:1cxx_alignas
    Feature record: CXX_FEATURE:1cxx_alignof
    Feature record: CXX_FEATURE:1cxx_attributes
    Feature record: CXX_FEATURE:0cxx_attribute_deprecated
    Feature record: CXX_FEATURE:1cxx_auto_type
    Feature record: CXX_FEATURE:0cxx_binary_literals
    Feature record: CXX_FEATURE:1cxx_constexpr
    Feature record: CXX_FEATURE:0cxx_contextual_conversions
    Feature record: CXX_FEATURE:1cxx_decltype
    Feature record: CXX_FEATURE:0cxx_decltype_auto
    Feature record: CXX_FEATURE:1cxx_decltype_incomplete_return_types
    Feature record: CXX_FEATURE:1cxx_default_function_template_args
    Feature record: CXX_FEATURE:1cxx_defaulted_functions
    Feature record: CXX_FEATURE:1cxx_defaulted_move_initializers
    Feature record: CXX_FEATURE:1cxx_delegating_constructors
    Feature record: CXX_FEATURE:1cxx_deleted_functions
    Feature record: CXX_FEATURE:0cxx_digit_separators
    Feature record: CXX_FEATURE:1cxx_enum_forward_declarations
    Feature record: CXX_FEATURE:1cxx_explicit_conversions
    Feature record: CXX_FEATURE:1cxx_extended_friend_declarations
    Feature record: CXX_FEATURE:1cxx_extern_templates
    Feature record: CXX_FEATURE:1cxx_final
    Feature record: CXX_FEATURE:1cxx_func_identifier
    Feature record: CXX_FEATURE:1cxx_generalized_initializers
    Feature record: CXX_FEATURE:0cxx_generic_lambdas
    Feature record: CXX_FEATURE:1cxx_inheriting_constructors
    Feature record: CXX_FEATURE:1cxx_inline_namespaces
    Feature record: CXX_FEATURE:1cxx_lambdas
    Feature record: CXX_FEATURE:0cxx_lambda_init_captures
    Feature record: CXX_FEATURE:1cxx_local_type_template_args
    Feature record: CXX_FEATURE:1cxx_long_long_type
    Feature record: CXX_FEATURE:1cxx_noexcept
    Feature record: CXX_FEATURE:1cxx_nonstatic_member_init
    Feature record: CXX_FEATURE:1cxx_nullptr
    Feature record: CXX_FEATURE:1cxx_override
    Feature record: CXX_FEATURE:1cxx_range_for
    Feature record: CXX_FEATURE:1cxx_raw_string_literals
    Feature record: CXX_FEATURE:1cxx_reference_qualified_functions
    Feature record: CXX_FEATURE:0cxx_relaxed_constexpr
    Feature record: CXX_FEATURE:0cxx_return_type_deduction
    Feature record: CXX_FEATURE:1cxx_right_angle_brackets
    Feature record: CXX_FEATURE:1cxx_rvalue_references
    Feature record: CXX_FEATURE:1cxx_sizeof_member
    Feature record: CXX_FEATURE:1cxx_static_assert
    Feature record: CXX_FEATURE:1cxx_strong_enums
    Feature record: CXX_FEATURE:1cxx_template_template_parameters
    Feature record: CXX_FEATURE:1cxx_thread_local
    Feature record: CXX_FEATURE:1cxx_trailing_return_types
    Feature record: CXX_FEATURE:1cxx_unicode_literals
    Feature record: CXX_FEATURE:1cxx_uniform_initialization
    Feature record: CXX_FEATURE:1cxx_unrestricted_unions
    Feature record: CXX_FEATURE:1cxx_user_literals
    Feature record: CXX_FEATURE:0cxx_variable_templates
    Feature record: CXX_FEATURE:1cxx_variadic_macros
    Feature record: CXX_FEATURE:1cxx_variadic_templates


Detecting CXX [-std=c++11] compiler features compiled with the following output:
Change Dir: /n/rush_lab/users/yoonkim/cuda-mod/build/CMakeFiles/CMakeTmp

Run Build Command:"/usr/bin/gmake" "cmTC_2bde5/fast"
/usr/bin/gmake -f CMakeFiles/cmTC_2bde5.dir/build.make CMakeFiles/cmTC_2bde5.dir/build
gmake[1]: Entering directory `/net/rcstorenfs02/ifs/rc_labs/rush_lab/users/yoonkim/cuda-mod/build/CMakeFiles/CMakeTmp'
Building CXX object CMakeFiles/cmTC_2bde5.dir/feature_tests.cxx.o
/n/sw/fasrcsw/apps/Core/gcc/4.8.2-fasrc01/bin/g++     -std=c++11 -o CMakeFiles/cmTC_2bde5.dir/feature_tests.cxx.o -c /n/rush_lab/users/yoonkim/cuda-mod/build/CMakeFiles/feature_tests.cxx
Linking CXX executable cmTC_2bde5
/n/sw/fasrcsw/apps/Core/cmake/3.5.2-fasrc01/bin/cmake -E cmake_link_script CMakeFiles/cmTC_2bde5.dir/link.txt --verbose=1
/n/sw/fasrcsw/apps/Core/gcc/4.8.2-fasrc01/bin/g++        CMakeFiles/cmTC_2bde5.dir/feature_tests.cxx.o  -o cmTC_2bde5 -rdynamic 
gmake[1]: Leaving directory `/net/rcstorenfs02/ifs/rc_labs/rush_lab/users/yoonkim/cuda-mod/build/CMakeFiles/CMakeTmp'


    Feature record: CXX_FEATURE:0cxx_aggregate_default_initializers
    Feature record: CXX_FEATURE:1cxx_alias_templates
    Feature record: CXX_FEATURE:1cxx_alignas
    Feature record: CXX_FEATURE:1cxx_alignof
    Feature record: CXX_FEATURE:1cxx_attributes
    Feature record: CXX_FEATURE:0cxx_attribute_deprecated
    Feature record: CXX_FEATURE:1cxx_auto_type
    Feature record: CXX_FEATURE:0cxx_binary_literals
    Feature record: CXX_FEATURE:1cxx_constexpr
    Feature record: CXX_FEATURE:0cxx_contextual_conversions
    Feature record: CXX_FEATURE:1cxx_decltype
    Feature record: CXX_FEATURE:0cxx_decltype_auto
    Feature record: CXX_FEATURE:1cxx_decltype_incomplete_return_types
    Feature record: CXX_FEATURE:1cxx_default_function_template_args
    Feature record: CXX_FEATURE:1cxx_defaulted_functions
    Feature record: CXX_FEATURE:1cxx_defaulted_move_initializers
    Feature record: CXX_FEATURE:1cxx_delegating_constructors
    Feature record: CXX_FEATURE:1cxx_deleted_functions
    Feature record: CXX_FEATURE:0cxx_digit_separators
    Feature record: CXX_FEATURE:1cxx_enum_forward_declarations
    Feature record: CXX_FEATURE:1cxx_explicit_conversions
    Feature record: CXX_FEATURE:1cxx_extended_friend_declarations
    Feature record: CXX_FEATURE:1cxx_extern_templates
    Feature record: CXX_FEATURE:1cxx_final
    Feature record: CXX_FEATURE:1cxx_func_identifier
    Feature record: CXX_FEATURE:1cxx_generalized_initializers
    Feature record: CXX_FEATURE:0cxx_generic_lambdas
    Feature record: CXX_FEATURE:1cxx_inheriting_constructors
    Feature record: CXX_FEATURE:1cxx_inline_namespaces
    Feature record: CXX_FEATURE:1cxx_lambdas
    Feature record: CXX_FEATURE:0cxx_lambda_init_captures
    Feature record: CXX_FEATURE:1cxx_local_type_template_args
    Feature record: CXX_FEATURE:1cxx_long_long_type
    Feature record: CXX_FEATURE:1cxx_noexcept
    Feature record: CXX_FEATURE:1cxx_nonstatic_member_init
    Feature record: CXX_FEATURE:1cxx_nullptr
    Feature record: CXX_FEATURE:1cxx_override
    Feature record: CXX_FEATURE:1cxx_range_for
    Feature record: CXX_FEATURE:1cxx_raw_string_literals
    Feature record: CXX_FEATURE:1cxx_reference_qualified_functions
    Feature record: CXX_FEATURE:0cxx_relaxed_constexpr
    Feature record: CXX_FEATURE:0cxx_return_type_deduction
    Feature record: CXX_FEATURE:1cxx_right_angle_brackets
    Feature record: CXX_FEATURE:1cxx_rvalue_references
    Feature record: CXX_FEATURE:1cxx_sizeof_member
    Feature record: CXX_FEATURE:1cxx_static_assert
    Feature record: CXX_FEATURE:1cxx_strong_enums
    Feature record: CXX_FEATURE:1cxx_template_template_parameters
    Feature record: CXX_FEATURE:1cxx_thread_local
    Feature record: CXX_FEATURE:1cxx_trailing_return_types
    Feature record: CXX_FEATURE:1cxx_unicode_literals
    Feature record: CXX_FEATURE:1cxx_uniform_initialization
    Feature record: CXX_FEATURE:1cxx_unrestricted_unions
    Feature record: CXX_FEATURE:1cxx_user_literals
    Feature record: CXX_FEATURE:0cxx_variable_templates
    Feature record: CXX_FEATURE:1cxx_variadic_macros
    Feature record: CXX_FEATURE:1cxx_variadic_templates


Detecting CXX [-std=c++98] compiler features compiled with the following output:
Change Dir: /n/rush_lab/users/yoonkim/cuda-mod/build/CMakeFiles/CMakeTmp

Run Build Command:"/usr/bin/gmake" "cmTC_1d419/fast"
/usr/bin/gmake -f CMakeFiles/cmTC_1d419.dir/build.make CMakeFiles/cmTC_1d419.dir/build
gmake[1]: Entering directory `/net/rcstorenfs02/ifs/rc_labs/rush_lab/users/yoonkim/cuda-mod/build/CMakeFiles/CMakeTmp'
Building CXX object CMakeFiles/cmTC_1d419.dir/feature_tests.cxx.o
/n/sw/fasrcsw/apps/Core/gcc/4.8.2-fasrc01/bin/g++     -std=c++98 -o CMakeFiles/cmTC_1d419.dir/feature_tests.cxx.o -c /n/rush_lab/users/yoonkim/cuda-mod/build/CMakeFiles/feature_tests.cxx
Linking CXX executable cmTC_1d419
/n/sw/fasrcsw/apps/Core/cmake/3.5.2-fasrc01/bin/cmake -E cmake_link_script CMakeFiles/cmTC_1d419.dir/link.txt --verbose=1
/n/sw/fasrcsw/apps/Core/gcc/4.8.2-fasrc01/bin/g++        CMakeFiles/cmTC_1d419.dir/feature_tests.cxx.o  -o cmTC_1d419 -rdynamic 
gmake[1]: Leaving directory `/net/rcstorenfs02/ifs/rc_labs/rush_lab/users/yoonkim/cuda-mod/build/CMakeFiles/CMakeTmp'


    Feature record: CXX_FEATURE:0cxx_aggregate_default_initializers
    Feature record: CXX_FEATURE:0cxx_alias_templates
    Feature record: CXX_FEATURE:0cxx_alignas
    Feature record: CXX_FEATURE:0cxx_alignof
    Feature record: CXX_FEATURE:0cxx_attributes
    Feature record: CXX_FEATURE:0cxx_attribute_deprecated
    Feature record: CXX_FEATURE:0cxx_auto_type
    Feature record: CXX_FEATURE:0cxx_binary_literals
    Feature record: CXX_FEATURE:0cxx_constexpr
    Feature record: CXX_FEATURE:0cxx_contextual_conversions
    Feature record: CXX_FEATURE:0cxx_decltype
    Feature record: CXX_FEATURE:0cxx_decltype_auto
    Feature record: CXX_FEATURE:0cxx_decltype_incomplete_return_types
    Feature record: CXX_FEATURE:0cxx_default_function_template_args
    Feature record: CXX_FEATURE:0cxx_defaulted_functions
    Feature record: CXX_FEATURE:0cxx_defaulted_move_initializers
    Feature record: CXX_FEATURE:0cxx_delegating_constructors
    Feature record: CXX_FEATURE:0cxx_deleted_functions
    Feature record: CXX_FEATURE:0cxx_digit_separators
    Feature record: CXX_FEATURE:0cxx_enum_forward_declarations
    Feature record: CXX_FEATURE:0cxx_explicit_conversions
    Feature record: CXX_FEATURE:0cxx_extended_friend_declarations
    Feature record: CXX_FEATURE:0cxx_extern_templates
    Feature record: CXX_FEATURE:0cxx_final
    Feature record: CXX_FEATURE:0cxx_func_identifier
    Feature record: CXX_FEATURE:0cxx_generalized_initializers
    Feature record: CXX_FEATURE:0cxx_generic_lambdas
    Feature record: CXX_FEATURE:0cxx_inheriting_constructors
    Feature record: CXX_FEATURE:0cxx_inline_namespaces
    Feature record: CXX_FEATURE:0cxx_lambdas
    Feature record: CXX_FEATURE:0cxx_lambda_init_captures
    Feature record: CXX_FEATURE:0cxx_local_type_template_args
    Feature record: CXX_FEATURE:0cxx_long_long_type
    Feature record: CXX_FEATURE:0cxx_noexcept
    Feature record: CXX_FEATURE:0cxx_nonstatic_member_init
    Feature record: CXX_FEATURE:0cxx_nullptr
    Feature record: CXX_FEATURE:0cxx_override
    Feature record: CXX_FEATURE:0cxx_range_for
    Feature record: CXX_FEATURE:0cxx_raw_string_literals
    Feature record: CXX_FEATURE:0cxx_reference_qualified_functions
    Feature record: CXX_FEATURE:0cxx_relaxed_constexpr
    Feature record: CXX_FEATURE:0cxx_return_type_deduction
    Feature record: CXX_FEATURE:0cxx_right_angle_brackets
    Feature record: CXX_FEATURE:0cxx_rvalue_references
    Feature record: CXX_FEATURE:0cxx_sizeof_member
    Feature record: CXX_FEATURE:0cxx_static_assert
    Feature record: CXX_FEATURE:0cxx_strong_enums
    Feature record: CXX_FEATURE:1cxx_template_template_parameters
    Feature record: CXX_FEATURE:0cxx_thread_local
    Feature record: CXX_FEATURE:0cxx_trailing_return_types
    Feature record: CXX_FEATURE:0cxx_unicode_literals
    Feature record: CXX_FEATURE:0cxx_uniform_initialization
    Feature record: CXX_FEATURE:0cxx_unrestricted_unions
    Feature record: CXX_FEATURE:0cxx_user_literals
    Feature record: CXX_FEATURE:0cxx_variable_templates
    Feature record: CXX_FEATURE:0cxx_variadic_macros
    Feature record: CXX_FEATURE:0cxx_variadic_templates
Determining if the include file pthread.h exists passed with the following output:
Change Dir: /n/rush_lab/users/yoonkim/cuda-mod/build/CMakeFiles/CMakeTmp

Run Build Command:"/usr/bin/gmake" "cmTC_74941/fast"
/usr/bin/gmake -f CMakeFiles/cmTC_74941.dir/build.make CMakeFiles/cmTC_74941.dir/build
gmake[1]: Entering directory `/net/rcstorenfs02/ifs/rc_labs/rush_lab/users/yoonkim/cuda-mod/build/CMakeFiles/CMakeTmp'
Building C object CMakeFiles/cmTC_74941.dir/CheckIncludeFile.c.o
/n/sw/fasrcsw/apps/Core/gcc/4.8.2-fasrc01/bin/gcc    -fPIC    -o CMakeFiles/cmTC_74941.dir/CheckIncludeFile.c.o   -c /n/rush_lab/users/yoonkim/cuda-mod/build/CMakeFiles/CMakeTmp/CheckIncludeFile.c
Linking C executable cmTC_74941
/n/sw/fasrcsw/apps/Core/cmake/3.5.2-fasrc01/bin/cmake -E cmake_link_script CMakeFiles/cmTC_74941.dir/link.txt --verbose=1
/n/sw/fasrcsw/apps/Core/gcc/4.8.2-fasrc01/bin/gcc  -fPIC     CMakeFiles/cmTC_74941.dir/CheckIncludeFile.c.o  -o cmTC_74941 -rdynamic 
gmake[1]: Leaving directory `/net/rcstorenfs02/ifs/rc_labs/rush_lab/users/yoonkim/cuda-mod/build/CMakeFiles/CMakeTmp'


Determining if the function pthread_create exists in the pthread passed with the following output:
Change Dir: /n/rush_lab/users/yoonkim/cuda-mod/build/CMakeFiles/CMakeTmp

Run Build Command:"/usr/bin/gmake" "cmTC_63370/fast"
/usr/bin/gmake -f CMakeFiles/cmTC_63370.dir/build.make CMakeFiles/cmTC_63370.dir/build
gmake[1]: Entering directory `/net/rcstorenfs02/ifs/rc_labs/rush_lab/users/yoonkim/cuda-mod/build/CMakeFiles/CMakeTmp'
Building C object CMakeFiles/cmTC_63370.dir/CheckFunctionExists.c.o
/n/sw/fasrcsw/apps/Core/gcc/4.8.2-fasrc01/bin/gcc    -fPIC -DCHECK_FUNCTION_EXISTS=pthread_create   -o CMakeFiles/cmTC_63370.dir/CheckFunctionExists.c.o   -c /n/sw/fasrcsw/apps/Core/cmake/3.5.2-fasrc01/share/cmake-3.5/Modules/CheckFunctionExists.c
Linking C executable cmTC_63370
/n/sw/fasrcsw/apps/Core/cmake/3.5.2-fasrc01/bin/cmake -E cmake_link_script CMakeFiles/cmTC_63370.dir/link.txt --verbose=1
/n/sw/fasrcsw/apps/Core/gcc/4.8.2-fasrc01/bin/gcc  -fPIC -DCHECK_FUNCTION_EXISTS=pthread_create    CMakeFiles/cmTC_63370.dir/CheckFunctionExists.c.o  -o cmTC_63370 -rdynamic -lpthread 
gmake[1]: Leaving directory `/net/rcstorenfs02/ifs/rc_labs/rush_lab/users/yoonkim/cuda-mod/build/CMakeFiles/CMakeTmp'


